09:45:05,407  INFO Version:44 - HHH000412: Hibernate ORM core version 5.6.10.Final
09:45:05,939  INFO Version:56 - HCANN000001: Hibernate Commons Annotations {5.1.2.Final}
09:45:06,234 DEBUG BasicTypeRegistry:157 - Adding type registration boolean -> org.hibernate.type.BooleanType@7b205dbd
09:45:06,234 DEBUG BasicTypeRegistry:157 - Adding type registration boolean -> org.hibernate.type.BooleanType@7b205dbd
09:45:06,235 DEBUG BasicTypeRegistry:157 - Adding type registration java.lang.Boolean -> org.hibernate.type.BooleanType@7b205dbd
09:45:06,237 DEBUG BasicTypeRegistry:157 - Adding type registration numeric_boolean -> org.hibernate.type.NumericBooleanType@15713d56
09:45:06,238 DEBUG BasicTypeRegistry:157 - Adding type registration true_false -> org.hibernate.type.TrueFalseType@7c8c9a05
09:45:06,240 DEBUG BasicTypeRegistry:157 - Adding type registration yes_no -> org.hibernate.type.YesNoType@78d6692f
09:45:06,245 DEBUG BasicTypeRegistry:157 - Adding type registration byte -> org.hibernate.type.ByteType@5f354bcf
09:45:06,246 DEBUG BasicTypeRegistry:157 - Adding type registration byte -> org.hibernate.type.ByteType@5f354bcf
09:45:06,246 DEBUG BasicTypeRegistry:157 - Adding type registration java.lang.Byte -> org.hibernate.type.ByteType@5f354bcf
09:45:06,249 DEBUG BasicTypeRegistry:157 - Adding type registration character -> org.hibernate.type.CharacterType@2f67b837
09:45:06,250 DEBUG BasicTypeRegistry:157 - Adding type registration char -> org.hibernate.type.CharacterType@2f67b837
09:45:06,253 DEBUG BasicTypeRegistry:157 - Adding type registration java.lang.Character -> org.hibernate.type.CharacterType@2f67b837
09:45:06,256 DEBUG BasicTypeRegistry:157 - Adding type registration short -> org.hibernate.type.ShortType@1046d517
09:45:06,257 DEBUG BasicTypeRegistry:157 - Adding type registration short -> org.hibernate.type.ShortType@1046d517
09:45:06,258 DEBUG BasicTypeRegistry:157 - Adding type registration java.lang.Short -> org.hibernate.type.ShortType@1046d517
09:45:06,262 DEBUG BasicTypeRegistry:157 - Adding type registration integer -> org.hibernate.type.IntegerType@7a362b6b
09:45:06,263 DEBUG BasicTypeRegistry:157 - Adding type registration int -> org.hibernate.type.IntegerType@7a362b6b
09:45:06,263 DEBUG BasicTypeRegistry:157 - Adding type registration java.lang.Integer -> org.hibernate.type.IntegerType@7a362b6b
09:45:06,268 DEBUG BasicTypeRegistry:157 - Adding type registration long -> org.hibernate.type.LongType@1c93f6e1
09:45:06,268 DEBUG BasicTypeRegistry:157 - Adding type registration long -> org.hibernate.type.LongType@1c93f6e1
09:45:06,269 DEBUG BasicTypeRegistry:157 - Adding type registration java.lang.Long -> org.hibernate.type.LongType@1c93f6e1
09:45:06,272 DEBUG BasicTypeRegistry:157 - Adding type registration float -> org.hibernate.type.FloatType@363a52f
09:45:06,272 DEBUG BasicTypeRegistry:157 - Adding type registration float -> org.hibernate.type.FloatType@363a52f
09:45:06,273 DEBUG BasicTypeRegistry:157 - Adding type registration java.lang.Float -> org.hibernate.type.FloatType@363a52f
09:45:06,275 DEBUG BasicTypeRegistry:157 - Adding type registration double -> org.hibernate.type.DoubleType@66c61024
09:45:06,276 DEBUG BasicTypeRegistry:157 - Adding type registration double -> org.hibernate.type.DoubleType@66c61024
09:45:06,277 DEBUG BasicTypeRegistry:157 - Adding type registration java.lang.Double -> org.hibernate.type.DoubleType@66c61024
09:45:06,281 DEBUG BasicTypeRegistry:157 - Adding type registration big_decimal -> org.hibernate.type.BigDecimalType@7a1a14a4
09:45:06,282 DEBUG BasicTypeRegistry:157 - Adding type registration java.math.BigDecimal -> org.hibernate.type.BigDecimalType@7a1a14a4
09:45:06,284 DEBUG BasicTypeRegistry:157 - Adding type registration big_integer -> org.hibernate.type.BigIntegerType@1e461e41
09:45:06,285 DEBUG BasicTypeRegistry:157 - Adding type registration java.math.BigInteger -> org.hibernate.type.BigIntegerType@1e461e41
09:45:06,287 DEBUG BasicTypeRegistry:157 - Adding type registration string -> org.hibernate.type.StringType@38089a5a
09:45:06,288 DEBUG BasicTypeRegistry:157 - Adding type registration java.lang.String -> org.hibernate.type.StringType@38089a5a
09:45:06,289 DEBUG BasicTypeRegistry:157 - Adding type registration nstring -> org.hibernate.type.StringNVarcharType@4f0100a7
09:45:06,290 DEBUG BasicTypeRegistry:157 - Adding type registration ncharacter -> org.hibernate.type.CharacterNCharType@5bf0fe62
09:45:06,294 DEBUG BasicTypeRegistry:157 - Adding type registration url -> org.hibernate.type.UrlType@3fed2870
09:45:06,295 DEBUG BasicTypeRegistry:157 - Adding type registration java.net.URL -> org.hibernate.type.UrlType@3fed2870
09:45:06,298 DEBUG BasicTypeRegistry:157 - Adding type registration Duration -> org.hibernate.type.DurationType@598bd2ba
09:45:06,299 DEBUG BasicTypeRegistry:157 - Adding type registration java.time.Duration -> org.hibernate.type.DurationType@598bd2ba
09:45:06,312 DEBUG BasicTypeRegistry:157 - Adding type registration Instant -> org.hibernate.type.InstantType@7f0d96f2
09:45:06,313 DEBUG BasicTypeRegistry:157 - Adding type registration java.time.Instant -> org.hibernate.type.InstantType@7f0d96f2
09:45:06,315 DEBUG BasicTypeRegistry:157 - Adding type registration LocalDateTime -> org.hibernate.type.LocalDateTimeType@2ef14fe
09:45:06,316 DEBUG BasicTypeRegistry:157 - Adding type registration java.time.LocalDateTime -> org.hibernate.type.LocalDateTimeType@2ef14fe
09:45:06,319 DEBUG BasicTypeRegistry:157 - Adding type registration LocalDate -> org.hibernate.type.LocalDateType@ab7395e
09:45:06,319 DEBUG BasicTypeRegistry:157 - Adding type registration java.time.LocalDate -> org.hibernate.type.LocalDateType@ab7395e
09:45:06,323 DEBUG BasicTypeRegistry:157 - Adding type registration LocalTime -> org.hibernate.type.LocalTimeType@42b02722
09:45:06,323 DEBUG BasicTypeRegistry:157 - Adding type registration java.time.LocalTime -> org.hibernate.type.LocalTimeType@42b02722
09:45:06,330 DEBUG BasicTypeRegistry:157 - Adding type registration OffsetDateTime -> org.hibernate.type.OffsetDateTimeType@64c63c79
09:45:06,331 DEBUG BasicTypeRegistry:157 - Adding type registration java.time.OffsetDateTime -> org.hibernate.type.OffsetDateTimeType@64c63c79
09:45:06,334 DEBUG BasicTypeRegistry:157 - Adding type registration OffsetTime -> org.hibernate.type.OffsetTimeType@53f6fd09
09:45:06,335 DEBUG BasicTypeRegistry:157 - Adding type registration java.time.OffsetTime -> org.hibernate.type.OffsetTimeType@53f6fd09
09:45:06,340 DEBUG BasicTypeRegistry:157 - Adding type registration ZonedDateTime -> org.hibernate.type.ZonedDateTimeType@3ad2e17
09:45:06,340 DEBUG BasicTypeRegistry:157 - Adding type registration java.time.ZonedDateTime -> org.hibernate.type.ZonedDateTimeType@3ad2e17
09:45:06,346 DEBUG BasicTypeRegistry:157 - Adding type registration date -> org.hibernate.type.DateType@3c7c886c
09:45:06,347 DEBUG BasicTypeRegistry:157 - Adding type registration java.sql.Date -> org.hibernate.type.DateType@3c7c886c
09:45:06,350 DEBUG BasicTypeRegistry:157 - Adding type registration time -> org.hibernate.type.TimeType@52c3cb31
09:45:06,350 DEBUG BasicTypeRegistry:157 - Adding type registration java.sql.Time -> org.hibernate.type.TimeType@52c3cb31
09:45:06,353 DEBUG BasicTypeRegistry:157 - Adding type registration timestamp -> org.hibernate.type.TimestampType@2e6a5539
09:45:06,354 DEBUG BasicTypeRegistry:157 - Adding type registration java.sql.Timestamp -> org.hibernate.type.TimestampType@2e6a5539
09:45:06,355 DEBUG BasicTypeRegistry:157 - Adding type registration java.util.Date -> org.hibernate.type.TimestampType@2e6a5539
09:45:06,359 DEBUG BasicTypeRegistry:157 - Adding type registration dbtimestamp -> org.hibernate.type.DbTimestampType@7e4204e2
09:45:06,362 DEBUG BasicTypeRegistry:157 - Adding type registration calendar -> org.hibernate.type.CalendarType@335b5620
09:45:06,363 DEBUG BasicTypeRegistry:157 - Adding type registration java.util.Calendar -> org.hibernate.type.CalendarType@335b5620
09:45:06,363 DEBUG BasicTypeRegistry:157 - Adding type registration java.util.GregorianCalendar -> org.hibernate.type.CalendarType@335b5620
09:45:06,365 DEBUG BasicTypeRegistry:157 - Adding type registration calendar_date -> org.hibernate.type.CalendarDateType@3c9c0d96
09:45:06,367 DEBUG BasicTypeRegistry:157 - Adding type registration calendar_time -> org.hibernate.type.CalendarTimeType@1f010bf0
09:45:06,369 DEBUG BasicTypeRegistry:157 - Adding type registration locale -> org.hibernate.type.LocaleType@6bca7e0d
09:45:06,370 DEBUG BasicTypeRegistry:157 - Adding type registration java.util.Locale -> org.hibernate.type.LocaleType@6bca7e0d
09:45:06,373 DEBUG BasicTypeRegistry:157 - Adding type registration currency -> org.hibernate.type.CurrencyType@bcef303
09:45:06,373 DEBUG BasicTypeRegistry:157 - Adding type registration java.util.Currency -> org.hibernate.type.CurrencyType@bcef303
09:45:06,376 DEBUG BasicTypeRegistry:157 - Adding type registration timezone -> org.hibernate.type.TimeZoneType@63787180
09:45:06,377 DEBUG BasicTypeRegistry:157 - Adding type registration java.util.TimeZone -> org.hibernate.type.TimeZoneType@63787180
09:45:06,378 DEBUG BasicTypeRegistry:157 - Adding type registration class -> org.hibernate.type.ClassType@34f22f9d
09:45:06,379 DEBUG BasicTypeRegistry:157 - Adding type registration java.lang.Class -> org.hibernate.type.ClassType@34f22f9d
09:45:06,381 DEBUG BasicTypeRegistry:157 - Adding type registration uuid-binary -> org.hibernate.type.UUIDBinaryType@5e4bd84a
09:45:06,381 DEBUG BasicTypeRegistry:157 - Adding type registration java.util.UUID -> org.hibernate.type.UUIDBinaryType@5e4bd84a
09:45:06,382 DEBUG BasicTypeRegistry:157 - Adding type registration uuid-char -> org.hibernate.type.UUIDCharType@535779e4
09:45:06,385 DEBUG BasicTypeRegistry:157 - Adding type registration binary -> org.hibernate.type.BinaryType@71812481
09:45:06,386 DEBUG BasicTypeRegistry:157 - Adding type registration byte[] -> org.hibernate.type.BinaryType@71812481
09:45:06,386 DEBUG BasicTypeRegistry:157 - Adding type registration [B -> org.hibernate.type.BinaryType@71812481
09:45:06,389 DEBUG BasicTypeRegistry:157 - Adding type registration wrapper-binary -> org.hibernate.type.WrapperBinaryType@561868a0
09:45:06,389 DEBUG BasicTypeRegistry:157 - Adding type registration Byte[] -> org.hibernate.type.WrapperBinaryType@561868a0
09:45:06,390 DEBUG BasicTypeRegistry:157 - Adding type registration [Ljava.lang.Byte; -> org.hibernate.type.WrapperBinaryType@561868a0
09:45:06,394 DEBUG BasicTypeRegistry:157 - Adding type registration row_version -> org.hibernate.type.RowVersionType@42bc14c1
09:45:06,395 DEBUG BasicTypeRegistry:157 - Adding type registration image -> org.hibernate.type.ImageType@460ebd80
09:45:06,398 DEBUG BasicTypeRegistry:157 - Adding type registration characters -> org.hibernate.type.CharArrayType@7776ab
09:45:06,399 DEBUG BasicTypeRegistry:157 - Adding type registration char[] -> org.hibernate.type.CharArrayType@7776ab
09:45:06,399 DEBUG BasicTypeRegistry:157 - Adding type registration [C -> org.hibernate.type.CharArrayType@7776ab
09:45:06,405 DEBUG BasicTypeRegistry:157 - Adding type registration wrapper-characters -> org.hibernate.type.CharacterArrayType@79517588
09:45:06,407 DEBUG BasicTypeRegistry:157 - Adding type registration [Ljava.lang.Character; -> org.hibernate.type.CharacterArrayType@79517588
09:45:06,407 DEBUG BasicTypeRegistry:157 - Adding type registration Character[] -> org.hibernate.type.CharacterArrayType@79517588
09:45:06,410 DEBUG BasicTypeRegistry:157 - Adding type registration text -> org.hibernate.type.TextType@5a18cd76
09:45:06,411 DEBUG BasicTypeRegistry:157 - Adding type registration ntext -> org.hibernate.type.NTextType@4c51cf28
09:45:06,415 DEBUG BasicTypeRegistry:157 - Adding type registration blob -> org.hibernate.type.BlobType@1b835480
09:45:06,416 DEBUG BasicTypeRegistry:157 - Adding type registration java.sql.Blob -> org.hibernate.type.BlobType@1b835480
09:45:06,417 DEBUG BasicTypeRegistry:157 - Adding type registration materialized_blob -> org.hibernate.type.MaterializedBlobType@6e950bcf
09:45:06,421 DEBUG BasicTypeRegistry:157 - Adding type registration clob -> org.hibernate.type.ClobType@34a875b3
09:45:06,421 DEBUG BasicTypeRegistry:157 - Adding type registration java.sql.Clob -> org.hibernate.type.ClobType@34a875b3
09:45:06,425 DEBUG BasicTypeRegistry:157 - Adding type registration nclob -> org.hibernate.type.NClobType@421bba99
09:45:06,426 DEBUG BasicTypeRegistry:157 - Adding type registration java.sql.NClob -> org.hibernate.type.NClobType@421bba99
09:45:06,427 DEBUG BasicTypeRegistry:157 - Adding type registration materialized_clob -> org.hibernate.type.MaterializedClobType@797cf65c
09:45:06,429 DEBUG BasicTypeRegistry:157 - Adding type registration materialized_nclob -> org.hibernate.type.MaterializedNClobType@517d4a0d
09:45:06,431 DEBUG BasicTypeRegistry:157 - Adding type registration serializable -> org.hibernate.type.SerializableType@691939c9
09:45:06,438 DEBUG BasicTypeRegistry:157 - Adding type registration object -> org.hibernate.type.ObjectType@8dbfffb
09:45:06,438 DEBUG BasicTypeRegistry:157 - Adding type registration java.lang.Object -> org.hibernate.type.ObjectType@8dbfffb
09:45:06,440 DEBUG BasicTypeRegistry:157 - Adding type registration imm_date -> org.hibernate.type.AdaptedImmutableType@5dd1c9f2
09:45:06,440 DEBUG BasicTypeRegistry:157 - Adding type registration imm_time -> org.hibernate.type.AdaptedImmutableType@59b38691
09:45:06,441 DEBUG BasicTypeRegistry:157 - Adding type registration imm_timestamp -> org.hibernate.type.AdaptedImmutableType@2e2ff723
09:45:06,443 DEBUG BasicTypeRegistry:157 - Adding type registration imm_dbtimestamp -> org.hibernate.type.AdaptedImmutableType@324a0017
09:45:06,444 DEBUG BasicTypeRegistry:157 - Adding type registration imm_calendar -> org.hibernate.type.AdaptedImmutableType@6187d1f5
09:45:06,445 DEBUG BasicTypeRegistry:157 - Adding type registration imm_calendar_date -> org.hibernate.type.AdaptedImmutableType@2445445a
09:45:06,445 DEBUG BasicTypeRegistry:157 - Adding type registration imm_binary -> org.hibernate.type.AdaptedImmutableType@7502291e
09:45:06,446 DEBUG BasicTypeRegistry:157 - Adding type registration imm_serializable -> org.hibernate.type.AdaptedImmutableType@17aad511
09:45:06,532  WARN pooling:75 - HHH10001002: Using Hibernate built-in connection pool (not for production use!)
09:45:06,549  INFO pooling:119 - HHH10001005: using driver [com.mysql.jdbc.Driver] at URL [jdbc:mysql://localhost:3306/ems]
09:45:06,550  INFO pooling:128 - HHH10001001: Connection properties: {password=****, user=root}
09:45:06,550  INFO pooling:132 - HHH10001003: Autocommit mode: false
09:45:06,557  INFO DriverManagerConnectionProviderImpl:322 - HHH000115: Hibernate connection pool size: 20 (min=1)
09:45:07,438  INFO Dialect:175 - HHH000400: Using dialect: org.hibernate.dialect.MySQL8Dialect
09:45:07,497 DEBUG TypeConfiguration$Scope:149 - Scoping TypeConfiguration [org.hibernate.type.spi.TypeConfiguration@5942ee04] to MetadataBuildingContext [org.hibernate.boot.internal.MetadataBuildingContextRootImpl@5e76a2bb]
09:45:08,007 DEBUG TypeConfiguration$Scope:154 - Scoping TypeConfiguration [org.hibernate.type.spi.TypeConfiguration@5942ee04] to SessionFactoryImpl [org.hibernate.internal.SessionFactoryImpl@86733]
09:45:08,893  INFO access:48 - HHH10001501: Connection obtained from JdbcConnectionAccess [org.hibernate.engine.jdbc.env.internal.JdbcEnvironmentInitiator$ConnectionProviderJdbcConnectionAccess@42505474] for (non-JTA) DDL execution was not in auto-commit mode; the Connection 'local transaction' will be committed and the Connection will be set into auto-commit mode.
09:45:09,160 TRACE TypeConfiguration$Scope:202 - Handling #sessionFactoryCreated from [org.hibernate.internal.SessionFactoryImpl@86733] for TypeConfiguration
09:45:09,281 TRACE BasicBinder:64 - binding parameter [1] as [INTEGER] - [2]
09:45:09,294 TRACE BasicExtractor:60 - extracted value ([deptid1_1_1_] : [INTEGER]) - [1]
09:45:09,308 TRACE BasicExtractor:60 - extracted value ([password2_4_0_] : [VARCHAR]) - [pri123]
09:45:09,309 TRACE BasicExtractor:60 - extracted value ([role3_4_0_] : [VARCHAR]) - [employee]
09:45:09,312 TRACE BasicExtractor:60 - extracted value ([username4_4_0_] : [VARCHAR]) - [pritam]
09:45:09,318 TRACE BasicExtractor:60 - extracted value ([doj1_3_0_] : [DATE]) - [2023-05-16]
09:45:09,324 TRACE BasicExtractor:60 - extracted value ([contact2_3_0_] : [VARCHAR]) - [9876543210]
09:45:09,327 TRACE BasicExtractor:60 - extracted value ([dept_dep9_3_0_] : [INTEGER]) - [1]
09:45:09,328 TRACE BasicExtractor:60 - extracted value ([designat3_3_0_] : [VARCHAR]) - [Developer]
09:45:09,329 TRACE BasicExtractor:60 - extracted value ([email4_3_0_] : [VARCHAR]) - [pritam@gmail.com]
09:45:09,330 TRACE BasicExtractor:60 - extracted value ([empaddre5_3_0_] : [VARCHAR]) - [Malda]
09:45:09,332 TRACE BasicExtractor:60 - extracted value ([empname6_3_0_] : [VARCHAR]) - [Pritam]
09:45:09,333 TRACE BasicExtractor:60 - extracted value ([salary7_3_0_] : [DOUBLE]) - [28000.0]
09:45:09,336 TRACE BasicExtractor:60 - extracted value ([departme2_1_1_] : [VARCHAR]) - [IT]
09:45:09,339 TRACE BasicExtractor:60 - extracted value ([location3_1_1_] : [VARCHAR]) - [Kolkata]
09:45:09,339 TRACE BasicExtractor:60 - extracted value ([total_em4_1_1_] : [INTEGER]) - [51]
09:45:09,372 TRACE CollectionType:847 - Created collection wrapper: [com.ems.entity.Department.employees#1]
09:45:09,385  INFO EmployeeServiceImpl:30 - Employee with id 2 details were retrieved
09:45:09,522 TRACE BasicBinder:64 - binding parameter [1] as [INTEGER] - [1]
09:45:09,530 TRACE BasicExtractor:60 - extracted value ([id1_4_1_] : [INTEGER]) - [2]
09:45:09,531 TRACE BasicExtractor:60 - extracted value ([deptid1_1_2_] : [INTEGER]) - [1]
09:45:09,532 TRACE BasicExtractor:60 - extracted value ([password2_4_1_] : [VARCHAR]) - [pri123]
09:45:09,532 TRACE BasicExtractor:60 - extracted value ([role3_4_1_] : [VARCHAR]) - [employee]
09:45:09,533 TRACE BasicExtractor:60 - extracted value ([username4_4_1_] : [VARCHAR]) - [pritam]
09:45:09,534 TRACE BasicExtractor:60 - extracted value ([doj1_3_1_] : [DATE]) - [2023-05-16]
09:45:09,535 TRACE BasicExtractor:60 - extracted value ([contact2_3_1_] : [VARCHAR]) - [9876543210]
09:45:09,536 TRACE BasicExtractor:60 - extracted value ([dept_dep9_3_1_] : [INTEGER]) - [1]
09:45:09,536 TRACE BasicExtractor:60 - extracted value ([designat3_3_1_] : [VARCHAR]) - [Developer]
09:45:09,537 TRACE BasicExtractor:60 - extracted value ([email4_3_1_] : [VARCHAR]) - [pritam@gmail.com]
09:45:09,538 TRACE BasicExtractor:60 - extracted value ([empaddre5_3_1_] : [VARCHAR]) - [Malda]
09:45:09,540 TRACE BasicExtractor:60 - extracted value ([empname6_3_1_] : [VARCHAR]) - [Pritam]
09:45:09,541 TRACE BasicExtractor:60 - extracted value ([salary7_3_1_] : [DOUBLE]) - [28000.0]
09:45:09,542 TRACE BasicExtractor:60 - extracted value ([departme2_1_2_] : [VARCHAR]) - [IT]
09:45:09,542 TRACE BasicExtractor:60 - extracted value ([location3_1_2_] : [VARCHAR]) - [Kolkata]
09:45:09,543 TRACE BasicExtractor:60 - extracted value ([total_em4_1_2_] : [INTEGER]) - [51]
09:45:09,544 TRACE BasicExtractor:60 - extracted value ([departme1_2_0_] : [INTEGER]) - [1]
09:45:09,545 TRACE BasicExtractor:60 - extracted value ([employee2_2_0_] : [INTEGER]) - [2]
11:23:08,281  INFO Version:44 - HHH000412: Hibernate ORM core version 5.6.10.Final
11:23:08,895  INFO Version:56 - HCANN000001: Hibernate Commons Annotations {5.1.2.Final}
11:23:09,240 DEBUG BasicTypeRegistry:157 - Adding type registration boolean -> org.hibernate.type.BooleanType@106cc338
11:23:09,240 DEBUG BasicTypeRegistry:157 - Adding type registration boolean -> org.hibernate.type.BooleanType@106cc338
11:23:09,241 DEBUG BasicTypeRegistry:157 - Adding type registration java.lang.Boolean -> org.hibernate.type.BooleanType@106cc338
11:23:09,244 DEBUG BasicTypeRegistry:157 - Adding type registration numeric_boolean -> org.hibernate.type.NumericBooleanType@63f259c3
11:23:09,246 DEBUG BasicTypeRegistry:157 - Adding type registration true_false -> org.hibernate.type.TrueFalseType@d41f816
11:23:09,247 DEBUG BasicTypeRegistry:157 - Adding type registration yes_no -> org.hibernate.type.YesNoType@7a55af6b
11:23:09,252 DEBUG BasicTypeRegistry:157 - Adding type registration byte -> org.hibernate.type.ByteType@3daf7722
11:23:09,253 DEBUG BasicTypeRegistry:157 - Adding type registration byte -> org.hibernate.type.ByteType@3daf7722
11:23:09,253 DEBUG BasicTypeRegistry:157 - Adding type registration java.lang.Byte -> org.hibernate.type.ByteType@3daf7722
11:23:09,255 DEBUG BasicTypeRegistry:157 - Adding type registration character -> org.hibernate.type.CharacterType@1869fbd2
11:23:09,255 DEBUG BasicTypeRegistry:157 - Adding type registration char -> org.hibernate.type.CharacterType@1869fbd2
11:23:09,257 DEBUG BasicTypeRegistry:157 - Adding type registration java.lang.Character -> org.hibernate.type.CharacterType@1869fbd2
11:23:09,262 DEBUG BasicTypeRegistry:157 - Adding type registration short -> org.hibernate.type.ShortType@3b7d3a38
11:23:09,263 DEBUG BasicTypeRegistry:157 - Adding type registration short -> org.hibernate.type.ShortType@3b7d3a38
11:23:09,264 DEBUG BasicTypeRegistry:157 - Adding type registration java.lang.Short -> org.hibernate.type.ShortType@3b7d3a38
11:23:09,267 DEBUG BasicTypeRegistry:157 - Adding type registration integer -> org.hibernate.type.IntegerType@60df60da
11:23:09,268 DEBUG BasicTypeRegistry:157 - Adding type registration int -> org.hibernate.type.IntegerType@60df60da
11:23:09,268 DEBUG BasicTypeRegistry:157 - Adding type registration java.lang.Integer -> org.hibernate.type.IntegerType@60df60da
11:23:09,273 DEBUG BasicTypeRegistry:157 - Adding type registration long -> org.hibernate.type.LongType@1800a575
11:23:09,273 DEBUG BasicTypeRegistry:157 - Adding type registration long -> org.hibernate.type.LongType@1800a575
11:23:09,274 DEBUG BasicTypeRegistry:157 - Adding type registration java.lang.Long -> org.hibernate.type.LongType@1800a575
11:23:09,277 DEBUG BasicTypeRegistry:157 - Adding type registration float -> org.hibernate.type.FloatType@60856961
11:23:09,278 DEBUG BasicTypeRegistry:157 - Adding type registration float -> org.hibernate.type.FloatType@60856961
11:23:09,279 DEBUG BasicTypeRegistry:157 - Adding type registration java.lang.Float -> org.hibernate.type.FloatType@60856961
11:23:09,283 DEBUG BasicTypeRegistry:157 - Adding type registration double -> org.hibernate.type.DoubleType@61fe30
11:23:09,283 DEBUG BasicTypeRegistry:157 - Adding type registration double -> org.hibernate.type.DoubleType@61fe30
11:23:09,284 DEBUG BasicTypeRegistry:157 - Adding type registration java.lang.Double -> org.hibernate.type.DoubleType@61fe30
11:23:09,289 DEBUG BasicTypeRegistry:157 - Adding type registration big_decimal -> org.hibernate.type.BigDecimalType@265adfad
11:23:09,289 DEBUG BasicTypeRegistry:157 - Adding type registration java.math.BigDecimal -> org.hibernate.type.BigDecimalType@265adfad
11:23:09,292 DEBUG BasicTypeRegistry:157 - Adding type registration big_integer -> org.hibernate.type.BigIntegerType@5ba88be8
11:23:09,292 DEBUG BasicTypeRegistry:157 - Adding type registration java.math.BigInteger -> org.hibernate.type.BigIntegerType@5ba88be8
11:23:09,298 DEBUG BasicTypeRegistry:157 - Adding type registration string -> org.hibernate.type.StringType@30e868be
11:23:09,299 DEBUG BasicTypeRegistry:157 - Adding type registration java.lang.String -> org.hibernate.type.StringType@30e868be
11:23:09,303 DEBUG BasicTypeRegistry:157 - Adding type registration nstring -> org.hibernate.type.StringNVarcharType@3cdf2c61
11:23:09,305 DEBUG BasicTypeRegistry:157 - Adding type registration ncharacter -> org.hibernate.type.CharacterNCharType@1e097d59
11:23:09,308 DEBUG BasicTypeRegistry:157 - Adding type registration url -> org.hibernate.type.UrlType@77128536
11:23:09,309 DEBUG BasicTypeRegistry:157 - Adding type registration java.net.URL -> org.hibernate.type.UrlType@77128536
11:23:09,313 DEBUG BasicTypeRegistry:157 - Adding type registration Duration -> org.hibernate.type.DurationType@5a755cc1
11:23:09,314 DEBUG BasicTypeRegistry:157 - Adding type registration java.time.Duration -> org.hibernate.type.DurationType@5a755cc1
11:23:09,329 DEBUG BasicTypeRegistry:157 - Adding type registration Instant -> org.hibernate.type.InstantType@545b995e
11:23:09,329 DEBUG BasicTypeRegistry:157 - Adding type registration java.time.Instant -> org.hibernate.type.InstantType@545b995e
11:23:09,333 DEBUG BasicTypeRegistry:157 - Adding type registration LocalDateTime -> org.hibernate.type.LocalDateTimeType@77102b91
11:23:09,334 DEBUG BasicTypeRegistry:157 - Adding type registration java.time.LocalDateTime -> org.hibernate.type.LocalDateTimeType@77102b91
11:23:09,337 DEBUG BasicTypeRegistry:157 - Adding type registration LocalDate -> org.hibernate.type.LocalDateType@50d13246
11:23:09,338 DEBUG BasicTypeRegistry:157 - Adding type registration java.time.LocalDate -> org.hibernate.type.LocalDateType@50d13246
11:23:09,342 DEBUG BasicTypeRegistry:157 - Adding type registration LocalTime -> org.hibernate.type.LocalTimeType@d62fe5b
11:23:09,342 DEBUG BasicTypeRegistry:157 - Adding type registration java.time.LocalTime -> org.hibernate.type.LocalTimeType@d62fe5b
11:23:09,348 DEBUG BasicTypeRegistry:157 - Adding type registration OffsetDateTime -> org.hibernate.type.OffsetDateTimeType@31c7528f
11:23:09,349 DEBUG BasicTypeRegistry:157 - Adding type registration java.time.OffsetDateTime -> org.hibernate.type.OffsetDateTimeType@31c7528f
11:23:09,356 DEBUG BasicTypeRegistry:157 - Adding type registration OffsetTime -> org.hibernate.type.OffsetTimeType@6bffbc6d
11:23:09,359 DEBUG BasicTypeRegistry:157 - Adding type registration java.time.OffsetTime -> org.hibernate.type.OffsetTimeType@6bffbc6d
11:23:09,366 DEBUG BasicTypeRegistry:157 - Adding type registration ZonedDateTime -> org.hibernate.type.ZonedDateTimeType@8c3619e
11:23:09,366 DEBUG BasicTypeRegistry:157 - Adding type registration java.time.ZonedDateTime -> org.hibernate.type.ZonedDateTimeType@8c3619e
11:23:09,372 DEBUG BasicTypeRegistry:157 - Adding type registration date -> org.hibernate.type.DateType@55493582
11:23:09,374 DEBUG BasicTypeRegistry:157 - Adding type registration java.sql.Date -> org.hibernate.type.DateType@55493582
11:23:09,386 DEBUG BasicTypeRegistry:157 - Adding type registration time -> org.hibernate.type.TimeType@4b79ac84
11:23:09,386 DEBUG BasicTypeRegistry:157 - Adding type registration java.sql.Time -> org.hibernate.type.TimeType@4b79ac84
11:23:09,395 DEBUG BasicTypeRegistry:157 - Adding type registration timestamp -> org.hibernate.type.TimestampType@3fc9504b
11:23:09,395 DEBUG BasicTypeRegistry:157 - Adding type registration java.sql.Timestamp -> org.hibernate.type.TimestampType@3fc9504b
11:23:09,396 DEBUG BasicTypeRegistry:157 - Adding type registration java.util.Date -> org.hibernate.type.TimestampType@3fc9504b
11:23:09,401 DEBUG BasicTypeRegistry:157 - Adding type registration dbtimestamp -> org.hibernate.type.DbTimestampType@b7c4869
11:23:09,414 DEBUG BasicTypeRegistry:157 - Adding type registration calendar -> org.hibernate.type.CalendarType@29a0cdb
11:23:09,414 DEBUG BasicTypeRegistry:157 - Adding type registration java.util.Calendar -> org.hibernate.type.CalendarType@29a0cdb
11:23:09,417 DEBUG BasicTypeRegistry:157 - Adding type registration java.util.GregorianCalendar -> org.hibernate.type.CalendarType@29a0cdb
11:23:09,421 DEBUG BasicTypeRegistry:157 - Adding type registration calendar_date -> org.hibernate.type.CalendarDateType@3a4621bd
11:23:09,423 DEBUG BasicTypeRegistry:157 - Adding type registration calendar_time -> org.hibernate.type.CalendarTimeType@40db2a24
11:23:09,425 DEBUG BasicTypeRegistry:157 - Adding type registration locale -> org.hibernate.type.LocaleType@2631f68c
11:23:09,426 DEBUG BasicTypeRegistry:157 - Adding type registration java.util.Locale -> org.hibernate.type.LocaleType@2631f68c
11:23:09,432 DEBUG BasicTypeRegistry:157 - Adding type registration currency -> org.hibernate.type.CurrencyType@41709512
11:23:09,433 DEBUG BasicTypeRegistry:157 - Adding type registration java.util.Currency -> org.hibernate.type.CurrencyType@41709512
11:23:09,439 DEBUG BasicTypeRegistry:157 - Adding type registration timezone -> org.hibernate.type.TimeZoneType@7d1cfb8b
11:23:09,440 DEBUG BasicTypeRegistry:157 - Adding type registration java.util.TimeZone -> org.hibernate.type.TimeZoneType@7d1cfb8b
11:23:09,445 DEBUG BasicTypeRegistry:157 - Adding type registration class -> org.hibernate.type.ClassType@3d1848cc
11:23:09,445 DEBUG BasicTypeRegistry:157 - Adding type registration java.lang.Class -> org.hibernate.type.ClassType@3d1848cc
11:23:09,451 DEBUG BasicTypeRegistry:157 - Adding type registration uuid-binary -> org.hibernate.type.UUIDBinaryType@648c94da
11:23:09,451 DEBUG BasicTypeRegistry:157 - Adding type registration java.util.UUID -> org.hibernate.type.UUIDBinaryType@648c94da
11:23:09,454 DEBUG BasicTypeRegistry:157 - Adding type registration uuid-char -> org.hibernate.type.UUIDCharType@53fd0d10
11:23:09,463 DEBUG BasicTypeRegistry:157 - Adding type registration binary -> org.hibernate.type.BinaryType@16ce702d
11:23:09,463 DEBUG BasicTypeRegistry:157 - Adding type registration byte[] -> org.hibernate.type.BinaryType@16ce702d
11:23:09,464 DEBUG BasicTypeRegistry:157 - Adding type registration [B -> org.hibernate.type.BinaryType@16ce702d
11:23:09,474 DEBUG BasicTypeRegistry:157 - Adding type registration wrapper-binary -> org.hibernate.type.WrapperBinaryType@2ea6e30c
11:23:09,498 DEBUG BasicTypeRegistry:157 - Adding type registration Byte[] -> org.hibernate.type.WrapperBinaryType@2ea6e30c
11:23:09,501 DEBUG BasicTypeRegistry:157 - Adding type registration [Ljava.lang.Byte; -> org.hibernate.type.WrapperBinaryType@2ea6e30c
11:23:09,505 DEBUG BasicTypeRegistry:157 - Adding type registration row_version -> org.hibernate.type.RowVersionType@531f4093
11:23:09,507 DEBUG BasicTypeRegistry:157 - Adding type registration image -> org.hibernate.type.ImageType@6f3c660a
11:23:09,512 DEBUG BasicTypeRegistry:157 - Adding type registration characters -> org.hibernate.type.CharArrayType@79179359
11:23:09,513 DEBUG BasicTypeRegistry:157 - Adding type registration char[] -> org.hibernate.type.CharArrayType@79179359
11:23:09,515 DEBUG BasicTypeRegistry:157 - Adding type registration [C -> org.hibernate.type.CharArrayType@79179359
11:23:09,519 DEBUG BasicTypeRegistry:157 - Adding type registration wrapper-characters -> org.hibernate.type.CharacterArrayType@3a0baae5
11:23:09,519 DEBUG BasicTypeRegistry:157 - Adding type registration [Ljava.lang.Character; -> org.hibernate.type.CharacterArrayType@3a0baae5
11:23:09,521 DEBUG BasicTypeRegistry:157 - Adding type registration Character[] -> org.hibernate.type.CharacterArrayType@3a0baae5
11:23:09,523 DEBUG BasicTypeRegistry:157 - Adding type registration text -> org.hibernate.type.TextType@3da30852
11:23:09,528 DEBUG BasicTypeRegistry:157 - Adding type registration ntext -> org.hibernate.type.NTextType@6995bf68
11:23:09,536 DEBUG BasicTypeRegistry:157 - Adding type registration blob -> org.hibernate.type.BlobType@3549bca9
11:23:09,536 DEBUG BasicTypeRegistry:157 - Adding type registration java.sql.Blob -> org.hibernate.type.BlobType@3549bca9
11:23:09,541 DEBUG BasicTypeRegistry:157 - Adding type registration materialized_blob -> org.hibernate.type.MaterializedBlobType@16414e40
11:23:09,554 DEBUG BasicTypeRegistry:157 - Adding type registration clob -> org.hibernate.type.ClobType@4748a0f9
11:23:09,556 DEBUG BasicTypeRegistry:157 - Adding type registration java.sql.Clob -> org.hibernate.type.ClobType@4748a0f9
11:23:09,617 DEBUG BasicTypeRegistry:157 - Adding type registration nclob -> org.hibernate.type.NClobType@5d12a356
11:23:09,619 DEBUG BasicTypeRegistry:157 - Adding type registration java.sql.NClob -> org.hibernate.type.NClobType@5d12a356
11:23:09,623 DEBUG BasicTypeRegistry:157 - Adding type registration materialized_clob -> org.hibernate.type.MaterializedClobType@31bcf236
11:23:09,625 DEBUG BasicTypeRegistry:157 - Adding type registration materialized_nclob -> org.hibernate.type.MaterializedNClobType@7862f56
11:23:09,632 DEBUG BasicTypeRegistry:157 - Adding type registration serializable -> org.hibernate.type.SerializableType@4f1bfe23
11:23:09,643 DEBUG BasicTypeRegistry:157 - Adding type registration object -> org.hibernate.type.ObjectType@f316aeb
11:23:09,645 DEBUG BasicTypeRegistry:157 - Adding type registration java.lang.Object -> org.hibernate.type.ObjectType@f316aeb
11:23:09,647 DEBUG BasicTypeRegistry:157 - Adding type registration imm_date -> org.hibernate.type.AdaptedImmutableType@59b38691
11:23:09,647 DEBUG BasicTypeRegistry:157 - Adding type registration imm_time -> org.hibernate.type.AdaptedImmutableType@2e2ff723
11:23:09,648 DEBUG BasicTypeRegistry:157 - Adding type registration imm_timestamp -> org.hibernate.type.AdaptedImmutableType@324a0017
11:23:09,648 DEBUG BasicTypeRegistry:157 - Adding type registration imm_dbtimestamp -> org.hibernate.type.AdaptedImmutableType@6187d1f5
11:23:09,649 DEBUG BasicTypeRegistry:157 - Adding type registration imm_calendar -> org.hibernate.type.AdaptedImmutableType@2445445a
11:23:09,649 DEBUG BasicTypeRegistry:157 - Adding type registration imm_calendar_date -> org.hibernate.type.AdaptedImmutableType@7502291e
11:23:09,650 DEBUG BasicTypeRegistry:157 - Adding type registration imm_binary -> org.hibernate.type.AdaptedImmutableType@17aad511
11:23:09,651 DEBUG BasicTypeRegistry:157 - Adding type registration imm_serializable -> org.hibernate.type.AdaptedImmutableType@487db668
11:23:09,798  WARN pooling:75 - HHH10001002: Using Hibernate built-in connection pool (not for production use!)
11:23:09,834  INFO pooling:119 - HHH10001005: using driver [com.mysql.jdbc.Driver] at URL [jdbc:mysql://localhost:3306/ems]
11:23:09,844  INFO pooling:128 - HHH10001001: Connection properties: {password=****, user=root}
11:23:09,845  INFO pooling:132 - HHH10001003: Autocommit mode: false
11:23:09,860  INFO DriverManagerConnectionProviderImpl:322 - HHH000115: Hibernate connection pool size: 20 (min=1)
11:23:11,762  INFO Dialect:175 - HHH000400: Using dialect: org.hibernate.dialect.MySQL8Dialect
11:23:11,894 DEBUG TypeConfiguration$Scope:149 - Scoping TypeConfiguration [org.hibernate.type.spi.TypeConfiguration@757194dc] to MetadataBuildingContext [org.hibernate.boot.internal.MetadataBuildingContextRootImpl@5a865416]
11:23:12,752 DEBUG TypeConfiguration$Scope:154 - Scoping TypeConfiguration [org.hibernate.type.spi.TypeConfiguration@757194dc] to SessionFactoryImpl [org.hibernate.internal.SessionFactoryImpl@440eaa07]
11:23:14,133  INFO access:48 - HHH10001501: Connection obtained from JdbcConnectionAccess [org.hibernate.engine.jdbc.env.internal.JdbcEnvironmentInitiator$ConnectionProviderJdbcConnectionAccess@33a55bd8] for (non-JTA) DDL execution was not in auto-commit mode; the Connection 'local transaction' will be committed and the Connection will be set into auto-commit mode.
11:23:14,558 TRACE TypeConfiguration$Scope:202 - Handling #sessionFactoryCreated from [org.hibernate.internal.SessionFactoryImpl@440eaa07] for TypeConfiguration
11:23:14,866 TRACE BasicBinder:64 - binding parameter [1] as [INTEGER] - [2]
11:23:14,884 TRACE BasicExtractor:60 - extracted value ([deptid1_1_1_] : [INTEGER]) - [1]
11:23:14,910 TRACE BasicExtractor:60 - extracted value ([password2_4_0_] : [VARCHAR]) - [pri123]
11:23:14,912 TRACE BasicExtractor:60 - extracted value ([role3_4_0_] : [VARCHAR]) - [employee]
11:23:14,913 TRACE BasicExtractor:60 - extracted value ([username4_4_0_] : [VARCHAR]) - [pritam]
11:23:14,919 TRACE BasicExtractor:60 - extracted value ([doj1_3_0_] : [DATE]) - [2023-05-16]
11:23:14,920 TRACE BasicExtractor:60 - extracted value ([contact2_3_0_] : [VARCHAR]) - [9876543210]
11:23:14,921 TRACE BasicExtractor:60 - extracted value ([dept_dep9_3_0_] : [INTEGER]) - [1]
11:23:14,922 TRACE BasicExtractor:60 - extracted value ([designat3_3_0_] : [VARCHAR]) - [Developer]
11:23:14,922 TRACE BasicExtractor:60 - extracted value ([email4_3_0_] : [VARCHAR]) - [pritam@gmail.com]
11:23:14,923 TRACE BasicExtractor:60 - extracted value ([empaddre5_3_0_] : [VARCHAR]) - [Malda]
11:23:14,924 TRACE BasicExtractor:60 - extracted value ([empname6_3_0_] : [VARCHAR]) - [Pritam]
11:23:14,925 TRACE BasicExtractor:60 - extracted value ([salary7_3_0_] : [DOUBLE]) - [28000.0]
11:23:14,929 TRACE BasicExtractor:60 - extracted value ([departme2_1_1_] : [VARCHAR]) - [IT]
11:23:14,930 TRACE BasicExtractor:60 - extracted value ([location3_1_1_] : [VARCHAR]) - [Kolkata]
11:23:14,931 TRACE BasicExtractor:60 - extracted value ([total_em4_1_1_] : [INTEGER]) - [51]
11:23:14,992 TRACE CollectionType:847 - Created collection wrapper: [com.ems.entity.Department.employees#1]
11:23:15,039  INFO EmployeeServiceImpl:34 - Employee with id 2 was retrieved at Wed Mar 15 11:23:15 IST 2023
11:23:15,296 TRACE BasicBinder:64 - binding parameter [1] as [INTEGER] - [1]
11:23:15,309 TRACE BasicExtractor:60 - extracted value ([id1_4_1_] : [INTEGER]) - [2]
11:23:15,310 TRACE BasicExtractor:60 - extracted value ([deptid1_1_2_] : [INTEGER]) - [1]
11:23:15,311 TRACE BasicExtractor:60 - extracted value ([password2_4_1_] : [VARCHAR]) - [pri123]
11:23:15,311 TRACE BasicExtractor:60 - extracted value ([role3_4_1_] : [VARCHAR]) - [employee]
11:23:15,313 TRACE BasicExtractor:60 - extracted value ([username4_4_1_] : [VARCHAR]) - [pritam]
11:23:15,314 TRACE BasicExtractor:60 - extracted value ([doj1_3_1_] : [DATE]) - [2023-05-16]
11:23:15,314 TRACE BasicExtractor:60 - extracted value ([contact2_3_1_] : [VARCHAR]) - [9876543210]
11:23:15,315 TRACE BasicExtractor:60 - extracted value ([dept_dep9_3_1_] : [INTEGER]) - [1]
11:23:15,315 TRACE BasicExtractor:60 - extracted value ([designat3_3_1_] : [VARCHAR]) - [Developer]
11:23:15,316 TRACE BasicExtractor:60 - extracted value ([email4_3_1_] : [VARCHAR]) - [pritam@gmail.com]
11:23:15,316 TRACE BasicExtractor:60 - extracted value ([empaddre5_3_1_] : [VARCHAR]) - [Malda]
11:23:15,316 TRACE BasicExtractor:60 - extracted value ([empname6_3_1_] : [VARCHAR]) - [Pritam]
11:23:15,319 TRACE BasicExtractor:60 - extracted value ([salary7_3_1_] : [DOUBLE]) - [28000.0]
11:23:15,319 TRACE BasicExtractor:60 - extracted value ([departme2_1_2_] : [VARCHAR]) - [IT]
11:23:15,320 TRACE BasicExtractor:60 - extracted value ([location3_1_2_] : [VARCHAR]) - [Kolkata]
11:23:15,320 TRACE BasicExtractor:60 - extracted value ([total_em4_1_2_] : [INTEGER]) - [51]
11:23:15,321 TRACE BasicExtractor:60 - extracted value ([departme1_2_0_] : [INTEGER]) - [1]
11:23:15,321 TRACE BasicExtractor:60 - extracted value ([employee2_2_0_] : [INTEGER]) - [2]
11:29:20,824  INFO EmployeeServiceImpl:25 - New employee details added!!
11:29:21,184  INFO Version:44 - HHH000412: Hibernate ORM core version 5.6.10.Final
11:29:21,857  INFO Version:56 - HCANN000001: Hibernate Commons Annotations {5.1.2.Final}
11:29:22,184 DEBUG BasicTypeRegistry:157 - Adding type registration boolean -> org.hibernate.type.BooleanType@4b79ac84
11:29:22,184 DEBUG BasicTypeRegistry:157 - Adding type registration boolean -> org.hibernate.type.BooleanType@4b79ac84
11:29:22,185 DEBUG BasicTypeRegistry:157 - Adding type registration java.lang.Boolean -> org.hibernate.type.BooleanType@4b79ac84
11:29:22,187 DEBUG BasicTypeRegistry:157 - Adding type registration numeric_boolean -> org.hibernate.type.NumericBooleanType@2766ca9d
11:29:22,189 DEBUG BasicTypeRegistry:157 - Adding type registration true_false -> org.hibernate.type.TrueFalseType@3fc9504b
11:29:22,190 DEBUG BasicTypeRegistry:157 - Adding type registration yes_no -> org.hibernate.type.YesNoType@b7c4869
11:29:22,194 DEBUG BasicTypeRegistry:157 - Adding type registration byte -> org.hibernate.type.ByteType@73194df
11:29:22,194 DEBUG BasicTypeRegistry:157 - Adding type registration byte -> org.hibernate.type.ByteType@73194df
11:29:22,195 DEBUG BasicTypeRegistry:157 - Adding type registration java.lang.Byte -> org.hibernate.type.ByteType@73194df
11:29:22,197 DEBUG BasicTypeRegistry:157 - Adding type registration character -> org.hibernate.type.CharacterType@19b93fa8
11:29:22,197 DEBUG BasicTypeRegistry:157 - Adding type registration char -> org.hibernate.type.CharacterType@19b93fa8
11:29:22,199 DEBUG BasicTypeRegistry:157 - Adding type registration java.lang.Character -> org.hibernate.type.CharacterType@19b93fa8
11:29:22,202 DEBUG BasicTypeRegistry:157 - Adding type registration short -> org.hibernate.type.ShortType@177bea38
11:29:22,202 DEBUG BasicTypeRegistry:157 - Adding type registration short -> org.hibernate.type.ShortType@177bea38
11:29:22,203 DEBUG BasicTypeRegistry:157 - Adding type registration java.lang.Short -> org.hibernate.type.ShortType@177bea38
11:29:22,205 DEBUG BasicTypeRegistry:157 - Adding type registration integer -> org.hibernate.type.IntegerType@19835e64
11:29:22,205 DEBUG BasicTypeRegistry:157 - Adding type registration int -> org.hibernate.type.IntegerType@19835e64
11:29:22,206 DEBUG BasicTypeRegistry:157 - Adding type registration java.lang.Integer -> org.hibernate.type.IntegerType@19835e64
11:29:22,210 DEBUG BasicTypeRegistry:157 - Adding type registration long -> org.hibernate.type.LongType@a87f8ec
11:29:22,210 DEBUG BasicTypeRegistry:157 - Adding type registration long -> org.hibernate.type.LongType@a87f8ec
11:29:22,211 DEBUG BasicTypeRegistry:157 - Adding type registration java.lang.Long -> org.hibernate.type.LongType@a87f8ec
11:29:22,215 DEBUG BasicTypeRegistry:157 - Adding type registration float -> org.hibernate.type.FloatType@386f0da3
11:29:22,217 DEBUG BasicTypeRegistry:157 - Adding type registration float -> org.hibernate.type.FloatType@386f0da3
11:29:22,220 DEBUG BasicTypeRegistry:157 - Adding type registration java.lang.Float -> org.hibernate.type.FloatType@386f0da3
11:29:22,224 DEBUG BasicTypeRegistry:157 - Adding type registration double -> org.hibernate.type.DoubleType@344f4dea
11:29:22,225 DEBUG BasicTypeRegistry:157 - Adding type registration double -> org.hibernate.type.DoubleType@344f4dea
11:29:22,226 DEBUG BasicTypeRegistry:157 - Adding type registration java.lang.Double -> org.hibernate.type.DoubleType@344f4dea
11:29:22,231 DEBUG BasicTypeRegistry:157 - Adding type registration big_decimal -> org.hibernate.type.BigDecimalType@53fd0d10
11:29:22,232 DEBUG BasicTypeRegistry:157 - Adding type registration java.math.BigDecimal -> org.hibernate.type.BigDecimalType@53fd0d10
11:29:22,234 DEBUG BasicTypeRegistry:157 - Adding type registration big_integer -> org.hibernate.type.BigIntegerType@71812481
11:29:22,235 DEBUG BasicTypeRegistry:157 - Adding type registration java.math.BigInteger -> org.hibernate.type.BigIntegerType@71812481
11:29:22,239 DEBUG BasicTypeRegistry:157 - Adding type registration string -> org.hibernate.type.StringType@561868a0
11:29:22,240 DEBUG BasicTypeRegistry:157 - Adding type registration java.lang.String -> org.hibernate.type.StringType@561868a0
11:29:22,241 DEBUG BasicTypeRegistry:157 - Adding type registration nstring -> org.hibernate.type.StringNVarcharType@388526fb
11:29:22,242 DEBUG BasicTypeRegistry:157 - Adding type registration ncharacter -> org.hibernate.type.CharacterNCharType@531f4093
11:29:22,244 DEBUG BasicTypeRegistry:157 - Adding type registration url -> org.hibernate.type.UrlType@16fdec90
11:29:22,244 DEBUG BasicTypeRegistry:157 - Adding type registration java.net.URL -> org.hibernate.type.UrlType@16fdec90
11:29:22,247 DEBUG BasicTypeRegistry:157 - Adding type registration Duration -> org.hibernate.type.DurationType@6a55299e
11:29:22,248 DEBUG BasicTypeRegistry:157 - Adding type registration java.time.Duration -> org.hibernate.type.DurationType@6a55299e
11:29:22,250 DEBUG BasicTypeRegistry:157 - Adding type registration Instant -> org.hibernate.type.InstantType@5a18cd76
11:29:22,250 DEBUG BasicTypeRegistry:157 - Adding type registration java.time.Instant -> org.hibernate.type.InstantType@5a18cd76
11:29:22,252 DEBUG BasicTypeRegistry:157 - Adding type registration LocalDateTime -> org.hibernate.type.LocalDateTimeType@77825085
11:29:22,252 DEBUG BasicTypeRegistry:157 - Adding type registration java.time.LocalDateTime -> org.hibernate.type.LocalDateTimeType@77825085
11:29:22,254 DEBUG BasicTypeRegistry:157 - Adding type registration LocalDate -> org.hibernate.type.LocalDateType@1b835480
11:29:22,255 DEBUG BasicTypeRegistry:157 - Adding type registration java.time.LocalDate -> org.hibernate.type.LocalDateType@1b835480
11:29:22,257 DEBUG BasicTypeRegistry:157 - Adding type registration LocalTime -> org.hibernate.type.LocalTimeType@525575
11:29:22,258 DEBUG BasicTypeRegistry:157 - Adding type registration java.time.LocalTime -> org.hibernate.type.LocalTimeType@525575
11:29:22,264 DEBUG BasicTypeRegistry:157 - Adding type registration OffsetDateTime -> org.hibernate.type.OffsetDateTimeType@34a875b3
11:29:22,272 DEBUG BasicTypeRegistry:157 - Adding type registration java.time.OffsetDateTime -> org.hibernate.type.OffsetDateTimeType@34a875b3
11:29:22,285 DEBUG BasicTypeRegistry:157 - Adding type registration OffsetTime -> org.hibernate.type.OffsetTimeType@6dee4f1b
11:29:22,290 DEBUG BasicTypeRegistry:157 - Adding type registration java.time.OffsetTime -> org.hibernate.type.OffsetTimeType@6dee4f1b
11:29:22,303 DEBUG BasicTypeRegistry:157 - Adding type registration ZonedDateTime -> org.hibernate.type.ZonedDateTimeType@797cf65c
11:29:22,303 DEBUG BasicTypeRegistry:157 - Adding type registration java.time.ZonedDateTime -> org.hibernate.type.ZonedDateTimeType@797cf65c
11:29:22,307 DEBUG BasicTypeRegistry:157 - Adding type registration date -> org.hibernate.type.DateType@2c1156a7
11:29:22,309 DEBUG BasicTypeRegistry:157 - Adding type registration java.sql.Date -> org.hibernate.type.DateType@2c1156a7
11:29:22,314 DEBUG BasicTypeRegistry:157 - Adding type registration time -> org.hibernate.type.TimeType@61a88b8c
11:29:22,315 DEBUG BasicTypeRegistry:157 - Adding type registration java.sql.Time -> org.hibernate.type.TimeType@61a88b8c
11:29:22,320 DEBUG BasicTypeRegistry:157 - Adding type registration timestamp -> org.hibernate.type.TimestampType@5dcd8c7a
11:29:22,322 DEBUG BasicTypeRegistry:157 - Adding type registration java.sql.Timestamp -> org.hibernate.type.TimestampType@5dcd8c7a
11:29:22,323 DEBUG BasicTypeRegistry:157 - Adding type registration java.util.Date -> org.hibernate.type.TimestampType@5dcd8c7a
11:29:22,335 DEBUG BasicTypeRegistry:157 - Adding type registration dbtimestamp -> org.hibernate.type.DbTimestampType@142269f2
11:29:22,339 DEBUG BasicTypeRegistry:157 - Adding type registration calendar -> org.hibernate.type.CalendarType@59b38691
11:29:22,341 DEBUG BasicTypeRegistry:157 - Adding type registration java.util.Calendar -> org.hibernate.type.CalendarType@59b38691
11:29:22,341 DEBUG BasicTypeRegistry:157 - Adding type registration java.util.GregorianCalendar -> org.hibernate.type.CalendarType@59b38691
11:29:22,343 DEBUG BasicTypeRegistry:157 - Adding type registration calendar_date -> org.hibernate.type.CalendarDateType@7502291e
11:29:22,346 DEBUG BasicTypeRegistry:157 - Adding type registration calendar_time -> org.hibernate.type.CalendarTimeType@22875539
11:29:22,351 DEBUG BasicTypeRegistry:157 - Adding type registration locale -> org.hibernate.type.LocaleType@e8df99a
11:29:22,352 DEBUG BasicTypeRegistry:157 - Adding type registration java.util.Locale -> org.hibernate.type.LocaleType@e8df99a
11:29:22,357 DEBUG BasicTypeRegistry:157 - Adding type registration currency -> org.hibernate.type.CurrencyType@12ed9db6
11:29:22,358 DEBUG BasicTypeRegistry:157 - Adding type registration java.util.Currency -> org.hibernate.type.CurrencyType@12ed9db6
11:29:22,363 DEBUG BasicTypeRegistry:157 - Adding type registration timezone -> org.hibernate.type.TimeZoneType@146587a2
11:29:22,363 DEBUG BasicTypeRegistry:157 - Adding type registration java.util.TimeZone -> org.hibernate.type.TimeZoneType@146587a2
11:29:22,366 DEBUG BasicTypeRegistry:157 - Adding type registration class -> org.hibernate.type.ClassType@6d3c5255
11:29:22,366 DEBUG BasicTypeRegistry:157 - Adding type registration java.lang.Class -> org.hibernate.type.ClassType@6d3c5255
11:29:22,374 DEBUG BasicTypeRegistry:157 - Adding type registration uuid-binary -> org.hibernate.type.UUIDBinaryType@2eee3069
11:29:22,374 DEBUG BasicTypeRegistry:157 - Adding type registration java.util.UUID -> org.hibernate.type.UUIDBinaryType@2eee3069
11:29:22,375 DEBUG BasicTypeRegistry:157 - Adding type registration uuid-char -> org.hibernate.type.UUIDCharType@12c7a01b
11:29:22,382 DEBUG BasicTypeRegistry:157 - Adding type registration binary -> org.hibernate.type.BinaryType@687ef2e0
11:29:22,382 DEBUG BasicTypeRegistry:157 - Adding type registration byte[] -> org.hibernate.type.BinaryType@687ef2e0
11:29:22,383 DEBUG BasicTypeRegistry:157 - Adding type registration [B -> org.hibernate.type.BinaryType@687ef2e0
11:29:22,386 DEBUG BasicTypeRegistry:157 - Adding type registration wrapper-binary -> org.hibernate.type.WrapperBinaryType@497486b3
11:29:22,386 DEBUG BasicTypeRegistry:157 - Adding type registration Byte[] -> org.hibernate.type.WrapperBinaryType@497486b3
11:29:22,387 DEBUG BasicTypeRegistry:157 - Adding type registration [Ljava.lang.Byte; -> org.hibernate.type.WrapperBinaryType@497486b3
11:29:22,389 DEBUG BasicTypeRegistry:157 - Adding type registration row_version -> org.hibernate.type.RowVersionType@635572a7
11:29:22,390 DEBUG BasicTypeRegistry:157 - Adding type registration image -> org.hibernate.type.ImageType@7a1a3478
11:29:22,392 DEBUG BasicTypeRegistry:157 - Adding type registration characters -> org.hibernate.type.CharArrayType@25bfcafd
11:29:22,393 DEBUG BasicTypeRegistry:157 - Adding type registration char[] -> org.hibernate.type.CharArrayType@25bfcafd
11:29:22,393 DEBUG BasicTypeRegistry:157 - Adding type registration [C -> org.hibernate.type.CharArrayType@25bfcafd
11:29:22,396 DEBUG BasicTypeRegistry:157 - Adding type registration wrapper-characters -> org.hibernate.type.CharacterArrayType@623e088f
11:29:22,396 DEBUG BasicTypeRegistry:157 - Adding type registration [Ljava.lang.Character; -> org.hibernate.type.CharacterArrayType@623e088f
11:29:22,398 DEBUG BasicTypeRegistry:157 - Adding type registration Character[] -> org.hibernate.type.CharacterArrayType@623e088f
11:29:22,400 DEBUG BasicTypeRegistry:157 - Adding type registration text -> org.hibernate.type.TextType@3d2ee678
11:29:22,402 DEBUG BasicTypeRegistry:157 - Adding type registration ntext -> org.hibernate.type.NTextType@67304a40
11:29:22,405 DEBUG BasicTypeRegistry:157 - Adding type registration blob -> org.hibernate.type.BlobType@1e0f9063
11:29:22,407 DEBUG BasicTypeRegistry:157 - Adding type registration java.sql.Blob -> org.hibernate.type.BlobType@1e0f9063
11:29:22,409 DEBUG BasicTypeRegistry:157 - Adding type registration materialized_blob -> org.hibernate.type.MaterializedBlobType@5cde6747
11:29:22,415 DEBUG BasicTypeRegistry:157 - Adding type registration clob -> org.hibernate.type.ClobType@13f95696
11:29:22,416 DEBUG BasicTypeRegistry:157 - Adding type registration java.sql.Clob -> org.hibernate.type.ClobType@13f95696
11:29:22,422 DEBUG BasicTypeRegistry:157 - Adding type registration nclob -> org.hibernate.type.NClobType@436bc36
11:29:22,422 DEBUG BasicTypeRegistry:157 - Adding type registration java.sql.NClob -> org.hibernate.type.NClobType@436bc36
11:29:22,423 DEBUG BasicTypeRegistry:157 - Adding type registration materialized_clob -> org.hibernate.type.MaterializedClobType@66fdec9
11:29:22,425 DEBUG BasicTypeRegistry:157 - Adding type registration materialized_nclob -> org.hibernate.type.MaterializedNClobType@52851b44
11:29:22,428 DEBUG BasicTypeRegistry:157 - Adding type registration serializable -> org.hibernate.type.SerializableType@6e35bc3d
11:29:22,437 DEBUG BasicTypeRegistry:157 - Adding type registration object -> org.hibernate.type.ObjectType@63dd899
11:29:22,437 DEBUG BasicTypeRegistry:157 - Adding type registration java.lang.Object -> org.hibernate.type.ObjectType@63dd899
11:29:22,439 DEBUG BasicTypeRegistry:157 - Adding type registration imm_date -> org.hibernate.type.AdaptedImmutableType@5b202a3a
11:29:22,440 DEBUG BasicTypeRegistry:157 - Adding type registration imm_time -> org.hibernate.type.AdaptedImmutableType@10b9db7b
11:29:22,440 DEBUG BasicTypeRegistry:157 - Adding type registration imm_timestamp -> org.hibernate.type.AdaptedImmutableType@9ef8eb7
11:29:22,441 DEBUG BasicTypeRegistry:157 - Adding type registration imm_dbtimestamp -> org.hibernate.type.AdaptedImmutableType@34cdeda2
11:29:22,442 DEBUG BasicTypeRegistry:157 - Adding type registration imm_calendar -> org.hibernate.type.AdaptedImmutableType@6ee660fb
11:29:22,442 DEBUG BasicTypeRegistry:157 - Adding type registration imm_calendar_date -> org.hibernate.type.AdaptedImmutableType@305a0c5f
11:29:22,443 DEBUG BasicTypeRegistry:157 - Adding type registration imm_binary -> org.hibernate.type.AdaptedImmutableType@4535b6d5
11:29:22,444 DEBUG BasicTypeRegistry:157 - Adding type registration imm_serializable -> org.hibernate.type.AdaptedImmutableType@1ecee32c
11:29:22,592  WARN pooling:75 - HHH10001002: Using Hibernate built-in connection pool (not for production use!)
11:29:22,611  INFO pooling:119 - HHH10001005: using driver [com.mysql.jdbc.Driver] at URL [jdbc:mysql://localhost:3306/ems]
11:29:22,614  INFO pooling:128 - HHH10001001: Connection properties: {password=****, user=root}
11:29:22,615  INFO pooling:132 - HHH10001003: Autocommit mode: false
11:29:22,624  INFO DriverManagerConnectionProviderImpl:322 - HHH000115: Hibernate connection pool size: 20 (min=1)
11:29:23,996  INFO Dialect:175 - HHH000400: Using dialect: org.hibernate.dialect.MySQL8Dialect
11:29:24,076 DEBUG TypeConfiguration$Scope:149 - Scoping TypeConfiguration [org.hibernate.type.spi.TypeConfiguration@69ce2f62] to MetadataBuildingContext [org.hibernate.boot.internal.MetadataBuildingContextRootImpl@c9d82f9]
11:29:24,689 DEBUG TypeConfiguration$Scope:154 - Scoping TypeConfiguration [org.hibernate.type.spi.TypeConfiguration@69ce2f62] to SessionFactoryImpl [org.hibernate.internal.SessionFactoryImpl@12abdfb]
11:29:26,035  INFO access:48 - HHH10001501: Connection obtained from JdbcConnectionAccess [org.hibernate.engine.jdbc.env.internal.JdbcEnvironmentInitiator$ConnectionProviderJdbcConnectionAccess@1fbf088b] for (non-JTA) DDL execution was not in auto-commit mode; the Connection 'local transaction' will be committed and the Connection will be set into auto-commit mode.
11:29:26,395 TRACE TypeConfiguration$Scope:202 - Handling #sessionFactoryCreated from [org.hibernate.internal.SessionFactoryImpl@12abdfb] for TypeConfiguration
11:29:26,620 TRACE BasicBinder:64 - binding parameter [1] as [VARCHAR] - [sun123]
11:29:26,625 TRACE BasicBinder:64 - binding parameter [2] as [VARCHAR] - [employee]
11:29:26,634 TRACE BasicBinder:64 - binding parameter [3] as [VARCHAR] - [sunita]
11:29:26,663 TRACE BasicBinder:64 - binding parameter [1] as [DATE] - [2023-06-19]
11:29:26,666 TRACE BasicBinder:64 - binding parameter [2] as [VARCHAR] - [9876540980]
11:29:26,675 TRACE BasicBinder:52 - binding parameter [3] as [INTEGER] - [null]
11:29:26,676 TRACE BasicBinder:64 - binding parameter [4] as [VARCHAR] - [Developer]
11:29:26,677 TRACE BasicBinder:64 - binding parameter [5] as [VARCHAR] - [sunita@gmail.com]
11:29:26,680 TRACE BasicBinder:64 - binding parameter [6] as [VARCHAR] - [Kolkata]
11:29:26,683 TRACE BasicBinder:64 - binding parameter [7] as [VARCHAR] - [Sunita]
11:29:26,684 TRACE BasicBinder:64 - binding parameter [8] as [DOUBLE] - [25000.0]
11:29:26,685 TRACE BasicBinder:64 - binding parameter [9] as [INTEGER] - [11]
11:29:42,713 TRACE BasicBinder:64 - binding parameter [1] as [INTEGER] - [11]
11:29:42,729 TRACE BasicExtractor:50 - extracted value ([deptid1_1_1_] : [INTEGER]) - [null]
11:29:42,739 TRACE BasicExtractor:60 - extracted value ([password2_4_0_] : [VARCHAR]) - [sun123]
11:29:42,739 TRACE BasicExtractor:60 - extracted value ([role3_4_0_] : [VARCHAR]) - [employee]
11:29:42,739 TRACE BasicExtractor:60 - extracted value ([username4_4_0_] : [VARCHAR]) - [sunita]
11:29:42,742 TRACE BasicExtractor:60 - extracted value ([doj1_3_0_] : [DATE]) - [2023-06-19]
11:29:42,743 TRACE BasicExtractor:60 - extracted value ([contact2_3_0_] : [VARCHAR]) - [9876540980]
11:29:42,743 TRACE BasicExtractor:50 - extracted value ([dept_dep9_3_0_] : [INTEGER]) - [null]
11:29:42,744 TRACE BasicExtractor:60 - extracted value ([designat3_3_0_] : [VARCHAR]) - [Developer]
11:29:42,744 TRACE BasicExtractor:60 - extracted value ([email4_3_0_] : [VARCHAR]) - [sunita@gmail.com]
11:29:42,744 TRACE BasicExtractor:60 - extracted value ([empaddre5_3_0_] : [VARCHAR]) - [Kolkata]
11:29:42,745 TRACE BasicExtractor:60 - extracted value ([empname6_3_0_] : [VARCHAR]) - [Sunita]
11:29:42,746 TRACE BasicExtractor:60 - extracted value ([salary7_3_0_] : [DOUBLE]) - [25000.0]
11:29:42,842  INFO EmployeeServiceImpl:34 - Employee with id 11 was retrieved at Wed Mar 15 11:29:42 IST 2023
11:32:51,475  INFO EmployeeServiceImpl:25 - New employee details added!! Employee(empName=Priya, empAddress=Malda, salary=27000.0, contact=9876509080, email=priya@gmail.com, designation=FSD, DOJ=2023-05-16, dept=null)
11:32:51,828  INFO Version:44 - HHH000412: Hibernate ORM core version 5.6.10.Final
11:32:52,506  INFO Version:56 - HCANN000001: Hibernate Commons Annotations {5.1.2.Final}
11:32:52,849 DEBUG BasicTypeRegistry:157 - Adding type registration boolean -> org.hibernate.type.BooleanType@4b79ac84
11:32:52,849 DEBUG BasicTypeRegistry:157 - Adding type registration boolean -> org.hibernate.type.BooleanType@4b79ac84
11:32:52,850 DEBUG BasicTypeRegistry:157 - Adding type registration java.lang.Boolean -> org.hibernate.type.BooleanType@4b79ac84
11:32:52,851 DEBUG BasicTypeRegistry:157 - Adding type registration numeric_boolean -> org.hibernate.type.NumericBooleanType@2766ca9d
11:32:52,853 DEBUG BasicTypeRegistry:157 - Adding type registration true_false -> org.hibernate.type.TrueFalseType@3fc9504b
11:32:52,854 DEBUG BasicTypeRegistry:157 - Adding type registration yes_no -> org.hibernate.type.YesNoType@b7c4869
11:32:52,860 DEBUG BasicTypeRegistry:157 - Adding type registration byte -> org.hibernate.type.ByteType@73194df
11:32:52,861 DEBUG BasicTypeRegistry:157 - Adding type registration byte -> org.hibernate.type.ByteType@73194df
11:32:52,862 DEBUG BasicTypeRegistry:157 - Adding type registration java.lang.Byte -> org.hibernate.type.ByteType@73194df
11:32:52,864 DEBUG BasicTypeRegistry:157 - Adding type registration character -> org.hibernate.type.CharacterType@19b93fa8
11:32:52,865 DEBUG BasicTypeRegistry:157 - Adding type registration char -> org.hibernate.type.CharacterType@19b93fa8
11:32:52,866 DEBUG BasicTypeRegistry:157 - Adding type registration java.lang.Character -> org.hibernate.type.CharacterType@19b93fa8
11:32:52,869 DEBUG BasicTypeRegistry:157 - Adding type registration short -> org.hibernate.type.ShortType@177bea38
11:32:52,871 DEBUG BasicTypeRegistry:157 - Adding type registration short -> org.hibernate.type.ShortType@177bea38
11:32:52,871 DEBUG BasicTypeRegistry:157 - Adding type registration java.lang.Short -> org.hibernate.type.ShortType@177bea38
11:32:52,874 DEBUG BasicTypeRegistry:157 - Adding type registration integer -> org.hibernate.type.IntegerType@19835e64
11:32:52,874 DEBUG BasicTypeRegistry:157 - Adding type registration int -> org.hibernate.type.IntegerType@19835e64
11:32:52,874 DEBUG BasicTypeRegistry:157 - Adding type registration java.lang.Integer -> org.hibernate.type.IntegerType@19835e64
11:32:52,881 DEBUG BasicTypeRegistry:157 - Adding type registration long -> org.hibernate.type.LongType@a87f8ec
11:32:52,888 DEBUG BasicTypeRegistry:157 - Adding type registration long -> org.hibernate.type.LongType@a87f8ec
11:32:52,890 DEBUG BasicTypeRegistry:157 - Adding type registration java.lang.Long -> org.hibernate.type.LongType@a87f8ec
11:32:52,899 DEBUG BasicTypeRegistry:157 - Adding type registration float -> org.hibernate.type.FloatType@386f0da3
11:32:52,901 DEBUG BasicTypeRegistry:157 - Adding type registration float -> org.hibernate.type.FloatType@386f0da3
11:32:52,902 DEBUG BasicTypeRegistry:157 - Adding type registration java.lang.Float -> org.hibernate.type.FloatType@386f0da3
11:32:52,908 DEBUG BasicTypeRegistry:157 - Adding type registration double -> org.hibernate.type.DoubleType@344f4dea
11:32:52,909 DEBUG BasicTypeRegistry:157 - Adding type registration double -> org.hibernate.type.DoubleType@344f4dea
11:32:52,915 DEBUG BasicTypeRegistry:157 - Adding type registration java.lang.Double -> org.hibernate.type.DoubleType@344f4dea
11:32:52,943 DEBUG BasicTypeRegistry:157 - Adding type registration big_decimal -> org.hibernate.type.BigDecimalType@53fd0d10
11:32:52,944 DEBUG BasicTypeRegistry:157 - Adding type registration java.math.BigDecimal -> org.hibernate.type.BigDecimalType@53fd0d10
11:32:52,953 DEBUG BasicTypeRegistry:157 - Adding type registration big_integer -> org.hibernate.type.BigIntegerType@71812481
11:32:52,954 DEBUG BasicTypeRegistry:157 - Adding type registration java.math.BigInteger -> org.hibernate.type.BigIntegerType@71812481
11:32:52,956 DEBUG BasicTypeRegistry:157 - Adding type registration string -> org.hibernate.type.StringType@561868a0
11:32:52,957 DEBUG BasicTypeRegistry:157 - Adding type registration java.lang.String -> org.hibernate.type.StringType@561868a0
11:32:52,961 DEBUG BasicTypeRegistry:157 - Adding type registration nstring -> org.hibernate.type.StringNVarcharType@388526fb
11:32:52,962 DEBUG BasicTypeRegistry:157 - Adding type registration ncharacter -> org.hibernate.type.CharacterNCharType@531f4093
11:32:52,965 DEBUG BasicTypeRegistry:157 - Adding type registration url -> org.hibernate.type.UrlType@16fdec90
11:32:52,965 DEBUG BasicTypeRegistry:157 - Adding type registration java.net.URL -> org.hibernate.type.UrlType@16fdec90
11:32:52,970 DEBUG BasicTypeRegistry:157 - Adding type registration Duration -> org.hibernate.type.DurationType@6a55299e
11:32:52,971 DEBUG BasicTypeRegistry:157 - Adding type registration java.time.Duration -> org.hibernate.type.DurationType@6a55299e
11:32:52,975 DEBUG BasicTypeRegistry:157 - Adding type registration Instant -> org.hibernate.type.InstantType@5a18cd76
11:32:52,975 DEBUG BasicTypeRegistry:157 - Adding type registration java.time.Instant -> org.hibernate.type.InstantType@5a18cd76
11:32:52,980 DEBUG BasicTypeRegistry:157 - Adding type registration LocalDateTime -> org.hibernate.type.LocalDateTimeType@77825085
11:32:52,981 DEBUG BasicTypeRegistry:157 - Adding type registration java.time.LocalDateTime -> org.hibernate.type.LocalDateTimeType@77825085
11:32:52,983 DEBUG BasicTypeRegistry:157 - Adding type registration LocalDate -> org.hibernate.type.LocalDateType@1b835480
11:32:52,984 DEBUG BasicTypeRegistry:157 - Adding type registration java.time.LocalDate -> org.hibernate.type.LocalDateType@1b835480
11:32:52,987 DEBUG BasicTypeRegistry:157 - Adding type registration LocalTime -> org.hibernate.type.LocalTimeType@525575
11:32:52,988 DEBUG BasicTypeRegistry:157 - Adding type registration java.time.LocalTime -> org.hibernate.type.LocalTimeType@525575
11:32:52,991 DEBUG BasicTypeRegistry:157 - Adding type registration OffsetDateTime -> org.hibernate.type.OffsetDateTimeType@34a875b3
11:32:52,992 DEBUG BasicTypeRegistry:157 - Adding type registration java.time.OffsetDateTime -> org.hibernate.type.OffsetDateTimeType@34a875b3
11:32:52,996 DEBUG BasicTypeRegistry:157 - Adding type registration OffsetTime -> org.hibernate.type.OffsetTimeType@6dee4f1b
11:32:52,997 DEBUG BasicTypeRegistry:157 - Adding type registration java.time.OffsetTime -> org.hibernate.type.OffsetTimeType@6dee4f1b
11:32:53,001 DEBUG BasicTypeRegistry:157 - Adding type registration ZonedDateTime -> org.hibernate.type.ZonedDateTimeType@797cf65c
11:32:53,001 DEBUG BasicTypeRegistry:157 - Adding type registration java.time.ZonedDateTime -> org.hibernate.type.ZonedDateTimeType@797cf65c
11:32:53,005 DEBUG BasicTypeRegistry:157 - Adding type registration date -> org.hibernate.type.DateType@2c1156a7
11:32:53,006 DEBUG BasicTypeRegistry:157 - Adding type registration java.sql.Date -> org.hibernate.type.DateType@2c1156a7
11:32:53,013 DEBUG BasicTypeRegistry:157 - Adding type registration time -> org.hibernate.type.TimeType@61a88b8c
11:32:53,013 DEBUG BasicTypeRegistry:157 - Adding type registration java.sql.Time -> org.hibernate.type.TimeType@61a88b8c
11:32:53,016 DEBUG BasicTypeRegistry:157 - Adding type registration timestamp -> org.hibernate.type.TimestampType@5dcd8c7a
11:32:53,018 DEBUG BasicTypeRegistry:157 - Adding type registration java.sql.Timestamp -> org.hibernate.type.TimestampType@5dcd8c7a
11:32:53,018 DEBUG BasicTypeRegistry:157 - Adding type registration java.util.Date -> org.hibernate.type.TimestampType@5dcd8c7a
11:32:53,024 DEBUG BasicTypeRegistry:157 - Adding type registration dbtimestamp -> org.hibernate.type.DbTimestampType@142269f2
11:32:53,028 DEBUG BasicTypeRegistry:157 - Adding type registration calendar -> org.hibernate.type.CalendarType@59b38691
11:32:53,029 DEBUG BasicTypeRegistry:157 - Adding type registration java.util.Calendar -> org.hibernate.type.CalendarType@59b38691
11:32:53,030 DEBUG BasicTypeRegistry:157 - Adding type registration java.util.GregorianCalendar -> org.hibernate.type.CalendarType@59b38691
11:32:53,032 DEBUG BasicTypeRegistry:157 - Adding type registration calendar_date -> org.hibernate.type.CalendarDateType@7502291e
11:32:53,034 DEBUG BasicTypeRegistry:157 - Adding type registration calendar_time -> org.hibernate.type.CalendarTimeType@22875539
11:32:53,039 DEBUG BasicTypeRegistry:157 - Adding type registration locale -> org.hibernate.type.LocaleType@e8df99a
11:32:53,039 DEBUG BasicTypeRegistry:157 - Adding type registration java.util.Locale -> org.hibernate.type.LocaleType@e8df99a
11:32:53,045 DEBUG BasicTypeRegistry:157 - Adding type registration currency -> org.hibernate.type.CurrencyType@12ed9db6
11:32:53,045 DEBUG BasicTypeRegistry:157 - Adding type registration java.util.Currency -> org.hibernate.type.CurrencyType@12ed9db6
11:32:53,048 DEBUG BasicTypeRegistry:157 - Adding type registration timezone -> org.hibernate.type.TimeZoneType@146587a2
11:32:53,048 DEBUG BasicTypeRegistry:157 - Adding type registration java.util.TimeZone -> org.hibernate.type.TimeZoneType@146587a2
11:32:53,050 DEBUG BasicTypeRegistry:157 - Adding type registration class -> org.hibernate.type.ClassType@6d3c5255
11:32:53,050 DEBUG BasicTypeRegistry:157 - Adding type registration java.lang.Class -> org.hibernate.type.ClassType@6d3c5255
11:32:53,053 DEBUG BasicTypeRegistry:157 - Adding type registration uuid-binary -> org.hibernate.type.UUIDBinaryType@2eee3069
11:32:53,054 DEBUG BasicTypeRegistry:157 - Adding type registration java.util.UUID -> org.hibernate.type.UUIDBinaryType@2eee3069
11:32:53,055 DEBUG BasicTypeRegistry:157 - Adding type registration uuid-char -> org.hibernate.type.UUIDCharType@12c7a01b
11:32:53,057 DEBUG BasicTypeRegistry:157 - Adding type registration binary -> org.hibernate.type.BinaryType@687ef2e0
11:32:53,058 DEBUG BasicTypeRegistry:157 - Adding type registration byte[] -> org.hibernate.type.BinaryType@687ef2e0
11:32:53,058 DEBUG BasicTypeRegistry:157 - Adding type registration [B -> org.hibernate.type.BinaryType@687ef2e0
11:32:53,062 DEBUG BasicTypeRegistry:157 - Adding type registration wrapper-binary -> org.hibernate.type.WrapperBinaryType@497486b3
11:32:53,062 DEBUG BasicTypeRegistry:157 - Adding type registration Byte[] -> org.hibernate.type.WrapperBinaryType@497486b3
11:32:53,063 DEBUG BasicTypeRegistry:157 - Adding type registration [Ljava.lang.Byte; -> org.hibernate.type.WrapperBinaryType@497486b3
11:32:53,065 DEBUG BasicTypeRegistry:157 - Adding type registration row_version -> org.hibernate.type.RowVersionType@635572a7
11:32:53,066 DEBUG BasicTypeRegistry:157 - Adding type registration image -> org.hibernate.type.ImageType@7a1a3478
11:32:53,071 DEBUG BasicTypeRegistry:157 - Adding type registration characters -> org.hibernate.type.CharArrayType@25bfcafd
11:32:53,072 DEBUG BasicTypeRegistry:157 - Adding type registration char[] -> org.hibernate.type.CharArrayType@25bfcafd
11:32:53,072 DEBUG BasicTypeRegistry:157 - Adding type registration [C -> org.hibernate.type.CharArrayType@25bfcafd
11:32:53,074 DEBUG BasicTypeRegistry:157 - Adding type registration wrapper-characters -> org.hibernate.type.CharacterArrayType@623e088f
11:32:53,075 DEBUG BasicTypeRegistry:157 - Adding type registration [Ljava.lang.Character; -> org.hibernate.type.CharacterArrayType@623e088f
11:32:53,075 DEBUG BasicTypeRegistry:157 - Adding type registration Character[] -> org.hibernate.type.CharacterArrayType@623e088f
11:32:53,076 DEBUG BasicTypeRegistry:157 - Adding type registration text -> org.hibernate.type.TextType@3d2ee678
11:32:53,095 DEBUG BasicTypeRegistry:157 - Adding type registration ntext -> org.hibernate.type.NTextType@67304a40
11:32:53,104 DEBUG BasicTypeRegistry:157 - Adding type registration blob -> org.hibernate.type.BlobType@1e0f9063
11:32:53,106 DEBUG BasicTypeRegistry:157 - Adding type registration java.sql.Blob -> org.hibernate.type.BlobType@1e0f9063
11:32:53,116 DEBUG BasicTypeRegistry:157 - Adding type registration materialized_blob -> org.hibernate.type.MaterializedBlobType@5cde6747
11:32:53,121 DEBUG BasicTypeRegistry:157 - Adding type registration clob -> org.hibernate.type.ClobType@13f95696
11:32:53,122 DEBUG BasicTypeRegistry:157 - Adding type registration java.sql.Clob -> org.hibernate.type.ClobType@13f95696
11:32:53,125 DEBUG BasicTypeRegistry:157 - Adding type registration nclob -> org.hibernate.type.NClobType@436bc36
11:32:53,125 DEBUG BasicTypeRegistry:157 - Adding type registration java.sql.NClob -> org.hibernate.type.NClobType@436bc36
11:32:53,127 DEBUG BasicTypeRegistry:157 - Adding type registration materialized_clob -> org.hibernate.type.MaterializedClobType@66fdec9
11:32:53,129 DEBUG BasicTypeRegistry:157 - Adding type registration materialized_nclob -> org.hibernate.type.MaterializedNClobType@52851b44
11:32:53,135 DEBUG BasicTypeRegistry:157 - Adding type registration serializable -> org.hibernate.type.SerializableType@6e35bc3d
11:32:53,149 DEBUG BasicTypeRegistry:157 - Adding type registration object -> org.hibernate.type.ObjectType@63dd899
11:32:53,150 DEBUG BasicTypeRegistry:157 - Adding type registration java.lang.Object -> org.hibernate.type.ObjectType@63dd899
11:32:53,151 DEBUG BasicTypeRegistry:157 - Adding type registration imm_date -> org.hibernate.type.AdaptedImmutableType@5b202a3a
11:32:53,151 DEBUG BasicTypeRegistry:157 - Adding type registration imm_time -> org.hibernate.type.AdaptedImmutableType@10b9db7b
11:32:53,152 DEBUG BasicTypeRegistry:157 - Adding type registration imm_timestamp -> org.hibernate.type.AdaptedImmutableType@9ef8eb7
11:32:53,152 DEBUG BasicTypeRegistry:157 - Adding type registration imm_dbtimestamp -> org.hibernate.type.AdaptedImmutableType@34cdeda2
11:32:53,153 DEBUG BasicTypeRegistry:157 - Adding type registration imm_calendar -> org.hibernate.type.AdaptedImmutableType@6ee660fb
11:32:53,153 DEBUG BasicTypeRegistry:157 - Adding type registration imm_calendar_date -> org.hibernate.type.AdaptedImmutableType@305a0c5f
11:32:53,154 DEBUG BasicTypeRegistry:157 - Adding type registration imm_binary -> org.hibernate.type.AdaptedImmutableType@4535b6d5
11:32:53,154 DEBUG BasicTypeRegistry:157 - Adding type registration imm_serializable -> org.hibernate.type.AdaptedImmutableType@1ecee32c
11:32:53,256  WARN pooling:75 - HHH10001002: Using Hibernate built-in connection pool (not for production use!)
11:32:53,272  INFO pooling:119 - HHH10001005: using driver [com.mysql.jdbc.Driver] at URL [jdbc:mysql://localhost:3306/ems]
11:32:53,273  INFO pooling:128 - HHH10001001: Connection properties: {password=****, user=root}
11:32:53,273  INFO pooling:132 - HHH10001003: Autocommit mode: false
11:32:53,299  INFO DriverManagerConnectionProviderImpl:322 - HHH000115: Hibernate connection pool size: 20 (min=1)
11:32:54,445  INFO Dialect:175 - HHH000400: Using dialect: org.hibernate.dialect.MySQL8Dialect
11:32:54,506 DEBUG TypeConfiguration$Scope:149 - Scoping TypeConfiguration [org.hibernate.type.spi.TypeConfiguration@63429932] to MetadataBuildingContext [org.hibernate.boot.internal.MetadataBuildingContextRootImpl@69ce2f62]
11:32:55,226 DEBUG TypeConfiguration$Scope:154 - Scoping TypeConfiguration [org.hibernate.type.spi.TypeConfiguration@63429932] to SessionFactoryImpl [org.hibernate.internal.SessionFactoryImpl@255e5e2e]
11:32:56,295  INFO access:48 - HHH10001501: Connection obtained from JdbcConnectionAccess [org.hibernate.engine.jdbc.env.internal.JdbcEnvironmentInitiator$ConnectionProviderJdbcConnectionAccess@163042ea] for (non-JTA) DDL execution was not in auto-commit mode; the Connection 'local transaction' will be committed and the Connection will be set into auto-commit mode.
11:32:56,585 TRACE TypeConfiguration$Scope:202 - Handling #sessionFactoryCreated from [org.hibernate.internal.SessionFactoryImpl@255e5e2e] for TypeConfiguration
11:32:56,782 TRACE BasicBinder:64 - binding parameter [1] as [VARCHAR] - [pri123]
11:32:56,786 TRACE BasicBinder:64 - binding parameter [2] as [VARCHAR] - [employee]
11:32:56,802 TRACE BasicBinder:64 - binding parameter [3] as [VARCHAR] - [priya]
11:32:56,820 TRACE BasicBinder:64 - binding parameter [1] as [DATE] - [2023-05-16]
11:32:56,822 TRACE BasicBinder:64 - binding parameter [2] as [VARCHAR] - [9876509080]
11:32:56,825 TRACE BasicBinder:52 - binding parameter [3] as [INTEGER] - [null]
11:32:56,827 TRACE BasicBinder:64 - binding parameter [4] as [VARCHAR] - [FSD]
11:32:56,827 TRACE BasicBinder:64 - binding parameter [5] as [VARCHAR] - [priya@gmail.com]
11:32:56,828 TRACE BasicBinder:64 - binding parameter [6] as [VARCHAR] - [Malda]
11:32:56,829 TRACE BasicBinder:64 - binding parameter [7] as [VARCHAR] - [Priya]
11:32:56,832 TRACE BasicBinder:64 - binding parameter [8] as [DOUBLE] - [27000.0]
11:32:56,832 TRACE BasicBinder:64 - binding parameter [9] as [INTEGER] - [12]
11:35:06,455  INFO Version:44 - HHH000412: Hibernate ORM core version 5.6.10.Final
11:35:07,217  INFO Version:56 - HCANN000001: Hibernate Commons Annotations {5.1.2.Final}
11:35:07,536 DEBUG BasicTypeRegistry:157 - Adding type registration boolean -> org.hibernate.type.BooleanType@106cc338
11:35:07,537 DEBUG BasicTypeRegistry:157 - Adding type registration boolean -> org.hibernate.type.BooleanType@106cc338
11:35:07,538 DEBUG BasicTypeRegistry:157 - Adding type registration java.lang.Boolean -> org.hibernate.type.BooleanType@106cc338
11:35:07,541 DEBUG BasicTypeRegistry:157 - Adding type registration numeric_boolean -> org.hibernate.type.NumericBooleanType@63f259c3
11:35:07,543 DEBUG BasicTypeRegistry:157 - Adding type registration true_false -> org.hibernate.type.TrueFalseType@d41f816
11:35:07,545 DEBUG BasicTypeRegistry:157 - Adding type registration yes_no -> org.hibernate.type.YesNoType@7a55af6b
11:35:07,549 DEBUG BasicTypeRegistry:157 - Adding type registration byte -> org.hibernate.type.ByteType@3daf7722
11:35:07,550 DEBUG BasicTypeRegistry:157 - Adding type registration byte -> org.hibernate.type.ByteType@3daf7722
11:35:07,551 DEBUG BasicTypeRegistry:157 - Adding type registration java.lang.Byte -> org.hibernate.type.ByteType@3daf7722
11:35:07,553 DEBUG BasicTypeRegistry:157 - Adding type registration character -> org.hibernate.type.CharacterType@1869fbd2
11:35:07,553 DEBUG BasicTypeRegistry:157 - Adding type registration char -> org.hibernate.type.CharacterType@1869fbd2
11:35:07,554 DEBUG BasicTypeRegistry:157 - Adding type registration java.lang.Character -> org.hibernate.type.CharacterType@1869fbd2
11:35:07,557 DEBUG BasicTypeRegistry:157 - Adding type registration short -> org.hibernate.type.ShortType@3b7d3a38
11:35:07,558 DEBUG BasicTypeRegistry:157 - Adding type registration short -> org.hibernate.type.ShortType@3b7d3a38
11:35:07,560 DEBUG BasicTypeRegistry:157 - Adding type registration java.lang.Short -> org.hibernate.type.ShortType@3b7d3a38
11:35:07,564 DEBUG BasicTypeRegistry:157 - Adding type registration integer -> org.hibernate.type.IntegerType@60df60da
11:35:07,564 DEBUG BasicTypeRegistry:157 - Adding type registration int -> org.hibernate.type.IntegerType@60df60da
11:35:07,565 DEBUG BasicTypeRegistry:157 - Adding type registration java.lang.Integer -> org.hibernate.type.IntegerType@60df60da
11:35:07,568 DEBUG BasicTypeRegistry:157 - Adding type registration long -> org.hibernate.type.LongType@1800a575
11:35:07,569 DEBUG BasicTypeRegistry:157 - Adding type registration long -> org.hibernate.type.LongType@1800a575
11:35:07,571 DEBUG BasicTypeRegistry:157 - Adding type registration java.lang.Long -> org.hibernate.type.LongType@1800a575
11:35:07,575 DEBUG BasicTypeRegistry:157 - Adding type registration float -> org.hibernate.type.FloatType@60856961
11:35:07,576 DEBUG BasicTypeRegistry:157 - Adding type registration float -> org.hibernate.type.FloatType@60856961
11:35:07,576 DEBUG BasicTypeRegistry:157 - Adding type registration java.lang.Float -> org.hibernate.type.FloatType@60856961
11:35:07,582 DEBUG BasicTypeRegistry:157 - Adding type registration double -> org.hibernate.type.DoubleType@61fe30
11:35:07,583 DEBUG BasicTypeRegistry:157 - Adding type registration double -> org.hibernate.type.DoubleType@61fe30
11:35:07,583 DEBUG BasicTypeRegistry:157 - Adding type registration java.lang.Double -> org.hibernate.type.DoubleType@61fe30
11:35:07,588 DEBUG BasicTypeRegistry:157 - Adding type registration big_decimal -> org.hibernate.type.BigDecimalType@265adfad
11:35:07,588 DEBUG BasicTypeRegistry:157 - Adding type registration java.math.BigDecimal -> org.hibernate.type.BigDecimalType@265adfad
11:35:07,591 DEBUG BasicTypeRegistry:157 - Adding type registration big_integer -> org.hibernate.type.BigIntegerType@5ba88be8
11:35:07,592 DEBUG BasicTypeRegistry:157 - Adding type registration java.math.BigInteger -> org.hibernate.type.BigIntegerType@5ba88be8
11:35:07,595 DEBUG BasicTypeRegistry:157 - Adding type registration string -> org.hibernate.type.StringType@30e868be
11:35:07,596 DEBUG BasicTypeRegistry:157 - Adding type registration java.lang.String -> org.hibernate.type.StringType@30e868be
11:35:07,597 DEBUG BasicTypeRegistry:157 - Adding type registration nstring -> org.hibernate.type.StringNVarcharType@3cdf2c61
11:35:07,599 DEBUG BasicTypeRegistry:157 - Adding type registration ncharacter -> org.hibernate.type.CharacterNCharType@1e097d59
11:35:07,601 DEBUG BasicTypeRegistry:157 - Adding type registration url -> org.hibernate.type.UrlType@77128536
11:35:07,602 DEBUG BasicTypeRegistry:157 - Adding type registration java.net.URL -> org.hibernate.type.UrlType@77128536
11:35:07,604 DEBUG BasicTypeRegistry:157 - Adding type registration Duration -> org.hibernate.type.DurationType@5a755cc1
11:35:07,605 DEBUG BasicTypeRegistry:157 - Adding type registration java.time.Duration -> org.hibernate.type.DurationType@5a755cc1
11:35:07,616 DEBUG BasicTypeRegistry:157 - Adding type registration Instant -> org.hibernate.type.InstantType@545b995e
11:35:07,616 DEBUG BasicTypeRegistry:157 - Adding type registration java.time.Instant -> org.hibernate.type.InstantType@545b995e
11:35:07,620 DEBUG BasicTypeRegistry:157 - Adding type registration LocalDateTime -> org.hibernate.type.LocalDateTimeType@77102b91
11:35:07,621 DEBUG BasicTypeRegistry:157 - Adding type registration java.time.LocalDateTime -> org.hibernate.type.LocalDateTimeType@77102b91
11:35:07,624 DEBUG BasicTypeRegistry:157 - Adding type registration LocalDate -> org.hibernate.type.LocalDateType@50d13246
11:35:07,624 DEBUG BasicTypeRegistry:157 - Adding type registration java.time.LocalDate -> org.hibernate.type.LocalDateType@50d13246
11:35:07,627 DEBUG BasicTypeRegistry:157 - Adding type registration LocalTime -> org.hibernate.type.LocalTimeType@d62fe5b
11:35:07,628 DEBUG BasicTypeRegistry:157 - Adding type registration java.time.LocalTime -> org.hibernate.type.LocalTimeType@d62fe5b
11:35:07,631 DEBUG BasicTypeRegistry:157 - Adding type registration OffsetDateTime -> org.hibernate.type.OffsetDateTimeType@31c7528f
11:35:07,632 DEBUG BasicTypeRegistry:157 - Adding type registration java.time.OffsetDateTime -> org.hibernate.type.OffsetDateTimeType@31c7528f
11:35:07,636 DEBUG BasicTypeRegistry:157 - Adding type registration OffsetTime -> org.hibernate.type.OffsetTimeType@6bffbc6d
11:35:07,637 DEBUG BasicTypeRegistry:157 - Adding type registration java.time.OffsetTime -> org.hibernate.type.OffsetTimeType@6bffbc6d
11:35:07,643 DEBUG BasicTypeRegistry:157 - Adding type registration ZonedDateTime -> org.hibernate.type.ZonedDateTimeType@8c3619e
11:35:07,644 DEBUG BasicTypeRegistry:157 - Adding type registration java.time.ZonedDateTime -> org.hibernate.type.ZonedDateTimeType@8c3619e
11:35:07,664 DEBUG BasicTypeRegistry:157 - Adding type registration date -> org.hibernate.type.DateType@55493582
11:35:07,665 DEBUG BasicTypeRegistry:157 - Adding type registration java.sql.Date -> org.hibernate.type.DateType@55493582
11:35:07,670 DEBUG BasicTypeRegistry:157 - Adding type registration time -> org.hibernate.type.TimeType@4b79ac84
11:35:07,671 DEBUG BasicTypeRegistry:157 - Adding type registration java.sql.Time -> org.hibernate.type.TimeType@4b79ac84
11:35:07,678 DEBUG BasicTypeRegistry:157 - Adding type registration timestamp -> org.hibernate.type.TimestampType@3fc9504b
11:35:07,684 DEBUG BasicTypeRegistry:157 - Adding type registration java.sql.Timestamp -> org.hibernate.type.TimestampType@3fc9504b
11:35:07,684 DEBUG BasicTypeRegistry:157 - Adding type registration java.util.Date -> org.hibernate.type.TimestampType@3fc9504b
11:35:07,689 DEBUG BasicTypeRegistry:157 - Adding type registration dbtimestamp -> org.hibernate.type.DbTimestampType@b7c4869
11:35:07,692 DEBUG BasicTypeRegistry:157 - Adding type registration calendar -> org.hibernate.type.CalendarType@29a0cdb
11:35:07,692 DEBUG BasicTypeRegistry:157 - Adding type registration java.util.Calendar -> org.hibernate.type.CalendarType@29a0cdb
11:35:07,693 DEBUG BasicTypeRegistry:157 - Adding type registration java.util.GregorianCalendar -> org.hibernate.type.CalendarType@29a0cdb
11:35:07,695 DEBUG BasicTypeRegistry:157 - Adding type registration calendar_date -> org.hibernate.type.CalendarDateType@3a4621bd
11:35:07,700 DEBUG BasicTypeRegistry:157 - Adding type registration calendar_time -> org.hibernate.type.CalendarTimeType@40db2a24
11:35:07,706 DEBUG BasicTypeRegistry:157 - Adding type registration locale -> org.hibernate.type.LocaleType@2631f68c
11:35:07,713 DEBUG BasicTypeRegistry:157 - Adding type registration java.util.Locale -> org.hibernate.type.LocaleType@2631f68c
11:35:07,717 DEBUG BasicTypeRegistry:157 - Adding type registration currency -> org.hibernate.type.CurrencyType@41709512
11:35:07,718 DEBUG BasicTypeRegistry:157 - Adding type registration java.util.Currency -> org.hibernate.type.CurrencyType@41709512
11:35:07,720 DEBUG BasicTypeRegistry:157 - Adding type registration timezone -> org.hibernate.type.TimeZoneType@7d1cfb8b
11:35:07,722 DEBUG BasicTypeRegistry:157 - Adding type registration java.util.TimeZone -> org.hibernate.type.TimeZoneType@7d1cfb8b
11:35:07,724 DEBUG BasicTypeRegistry:157 - Adding type registration class -> org.hibernate.type.ClassType@3d1848cc
11:35:07,724 DEBUG BasicTypeRegistry:157 - Adding type registration java.lang.Class -> org.hibernate.type.ClassType@3d1848cc
11:35:07,726 DEBUG BasicTypeRegistry:157 - Adding type registration uuid-binary -> org.hibernate.type.UUIDBinaryType@648c94da
11:35:07,727 DEBUG BasicTypeRegistry:157 - Adding type registration java.util.UUID -> org.hibernate.type.UUIDBinaryType@648c94da
11:35:07,728 DEBUG BasicTypeRegistry:157 - Adding type registration uuid-char -> org.hibernate.type.UUIDCharType@53fd0d10
11:35:07,731 DEBUG BasicTypeRegistry:157 - Adding type registration binary -> org.hibernate.type.BinaryType@16ce702d
11:35:07,732 DEBUG BasicTypeRegistry:157 - Adding type registration byte[] -> org.hibernate.type.BinaryType@16ce702d
11:35:07,732 DEBUG BasicTypeRegistry:157 - Adding type registration [B -> org.hibernate.type.BinaryType@16ce702d
11:35:07,737 DEBUG BasicTypeRegistry:157 - Adding type registration wrapper-binary -> org.hibernate.type.WrapperBinaryType@2ea6e30c
11:35:07,738 DEBUG BasicTypeRegistry:157 - Adding type registration Byte[] -> org.hibernate.type.WrapperBinaryType@2ea6e30c
11:35:07,738 DEBUG BasicTypeRegistry:157 - Adding type registration [Ljava.lang.Byte; -> org.hibernate.type.WrapperBinaryType@2ea6e30c
11:35:07,742 DEBUG BasicTypeRegistry:157 - Adding type registration row_version -> org.hibernate.type.RowVersionType@531f4093
11:35:07,743 DEBUG BasicTypeRegistry:157 - Adding type registration image -> org.hibernate.type.ImageType@6f3c660a
11:35:07,749 DEBUG BasicTypeRegistry:157 - Adding type registration characters -> org.hibernate.type.CharArrayType@79179359
11:35:07,750 DEBUG BasicTypeRegistry:157 - Adding type registration char[] -> org.hibernate.type.CharArrayType@79179359
11:35:07,750 DEBUG BasicTypeRegistry:157 - Adding type registration [C -> org.hibernate.type.CharArrayType@79179359
11:35:07,754 DEBUG BasicTypeRegistry:157 - Adding type registration wrapper-characters -> org.hibernate.type.CharacterArrayType@3a0baae5
11:35:07,754 DEBUG BasicTypeRegistry:157 - Adding type registration [Ljava.lang.Character; -> org.hibernate.type.CharacterArrayType@3a0baae5
11:35:07,755 DEBUG BasicTypeRegistry:157 - Adding type registration Character[] -> org.hibernate.type.CharacterArrayType@3a0baae5
11:35:07,756 DEBUG BasicTypeRegistry:157 - Adding type registration text -> org.hibernate.type.TextType@3da30852
11:35:07,759 DEBUG BasicTypeRegistry:157 - Adding type registration ntext -> org.hibernate.type.NTextType@6995bf68
11:35:07,763 DEBUG BasicTypeRegistry:157 - Adding type registration blob -> org.hibernate.type.BlobType@3549bca9
11:35:07,764 DEBUG BasicTypeRegistry:157 - Adding type registration java.sql.Blob -> org.hibernate.type.BlobType@3549bca9
11:35:07,765 DEBUG BasicTypeRegistry:157 - Adding type registration materialized_blob -> org.hibernate.type.MaterializedBlobType@16414e40
11:35:07,769 DEBUG BasicTypeRegistry:157 - Adding type registration clob -> org.hibernate.type.ClobType@4748a0f9
11:35:07,769 DEBUG BasicTypeRegistry:157 - Adding type registration java.sql.Clob -> org.hibernate.type.ClobType@4748a0f9
11:35:07,773 DEBUG BasicTypeRegistry:157 - Adding type registration nclob -> org.hibernate.type.NClobType@5d12a356
11:35:07,774 DEBUG BasicTypeRegistry:157 - Adding type registration java.sql.NClob -> org.hibernate.type.NClobType@5d12a356
11:35:07,775 DEBUG BasicTypeRegistry:157 - Adding type registration materialized_clob -> org.hibernate.type.MaterializedClobType@31bcf236
11:35:07,779 DEBUG BasicTypeRegistry:157 - Adding type registration materialized_nclob -> org.hibernate.type.MaterializedNClobType@7862f56
11:35:07,783 DEBUG BasicTypeRegistry:157 - Adding type registration serializable -> org.hibernate.type.SerializableType@4f1bfe23
11:35:07,790 DEBUG BasicTypeRegistry:157 - Adding type registration object -> org.hibernate.type.ObjectType@f316aeb
11:35:07,791 DEBUG BasicTypeRegistry:157 - Adding type registration java.lang.Object -> org.hibernate.type.ObjectType@f316aeb
11:35:07,792 DEBUG BasicTypeRegistry:157 - Adding type registration imm_date -> org.hibernate.type.AdaptedImmutableType@59b38691
11:35:07,794 DEBUG BasicTypeRegistry:157 - Adding type registration imm_time -> org.hibernate.type.AdaptedImmutableType@2e2ff723
11:35:07,795 DEBUG BasicTypeRegistry:157 - Adding type registration imm_timestamp -> org.hibernate.type.AdaptedImmutableType@324a0017
11:35:07,796 DEBUG BasicTypeRegistry:157 - Adding type registration imm_dbtimestamp -> org.hibernate.type.AdaptedImmutableType@6187d1f5
11:35:07,797 DEBUG BasicTypeRegistry:157 - Adding type registration imm_calendar -> org.hibernate.type.AdaptedImmutableType@2445445a
11:35:07,797 DEBUG BasicTypeRegistry:157 - Adding type registration imm_calendar_date -> org.hibernate.type.AdaptedImmutableType@7502291e
11:35:07,798 DEBUG BasicTypeRegistry:157 - Adding type registration imm_binary -> org.hibernate.type.AdaptedImmutableType@17aad511
11:35:07,798 DEBUG BasicTypeRegistry:157 - Adding type registration imm_serializable -> org.hibernate.type.AdaptedImmutableType@487db668
11:35:07,931  WARN pooling:75 - HHH10001002: Using Hibernate built-in connection pool (not for production use!)
11:35:07,952  INFO pooling:119 - HHH10001005: using driver [com.mysql.jdbc.Driver] at URL [jdbc:mysql://localhost:3306/ems]
11:35:07,953  INFO pooling:128 - HHH10001001: Connection properties: {password=****, user=root}
11:35:07,953  INFO pooling:132 - HHH10001003: Autocommit mode: false
11:35:07,965  INFO DriverManagerConnectionProviderImpl:322 - HHH000115: Hibernate connection pool size: 20 (min=1)
11:35:09,166  INFO Dialect:175 - HHH000400: Using dialect: org.hibernate.dialect.MySQL8Dialect
11:35:09,237 DEBUG TypeConfiguration$Scope:149 - Scoping TypeConfiguration [org.hibernate.type.spi.TypeConfiguration@757194dc] to MetadataBuildingContext [org.hibernate.boot.internal.MetadataBuildingContextRootImpl@5a865416]
11:35:09,866 DEBUG TypeConfiguration$Scope:154 - Scoping TypeConfiguration [org.hibernate.type.spi.TypeConfiguration@757194dc] to SessionFactoryImpl [org.hibernate.internal.SessionFactoryImpl@440eaa07]
11:35:11,217  INFO access:48 - HHH10001501: Connection obtained from JdbcConnectionAccess [org.hibernate.engine.jdbc.env.internal.JdbcEnvironmentInitiator$ConnectionProviderJdbcConnectionAccess@33a55bd8] for (non-JTA) DDL execution was not in auto-commit mode; the Connection 'local transaction' will be committed and the Connection will be set into auto-commit mode.
11:35:11,446 TRACE TypeConfiguration$Scope:202 - Handling #sessionFactoryCreated from [org.hibernate.internal.SessionFactoryImpl@440eaa07] for TypeConfiguration
11:35:11,602 TRACE BasicBinder:64 - binding parameter [1] as [INTEGER] - [32]
11:35:11,615 ERROR EmployeeServiceImpl:38 - Employee with id 32 was not found!
